[2025-04-06T19:14:23.437+0000] {taskinstance.py:1159} INFO - Dependencies all met for dep_context=non-requeueable deps ti=<TaskInstance: foursquare_api.run_API_FOURSQUARE scheduled__2025-04-06T18:00:00+00:00 [queued]>
[2025-04-06T19:14:23.482+0000] {taskinstance.py:1159} INFO - Dependencies all met for dep_context=requeueable deps ti=<TaskInstance: foursquare_api.run_API_FOURSQUARE scheduled__2025-04-06T18:00:00+00:00 [queued]>
[2025-04-06T19:14:23.483+0000] {taskinstance.py:1361} INFO - Starting attempt 1 of 2
[2025-04-06T19:14:23.628+0000] {taskinstance.py:1382} INFO - Executing <Task(PythonOperator): run_API_FOURSQUARE> on 2025-04-06 18:00:00+00:00
[2025-04-06T19:14:23.873+0000] {standard_task_runner.py:84} INFO - Running: ['***', 'tasks', 'run', 'foursquare_api', 'run_API_FOURSQUARE', 'scheduled__2025-04-06T18:00:00+00:00', '--job-id', '4', '--raw', '--subdir', 'DAGS_FOLDER/dag_foursquare.py', '--cfg-path', '/tmp/tmp5xe7ssj9']
[2025-04-06T19:14:23.871+0000] {standard_task_runner.py:57} INFO - Started process 52 to run task
[2025-04-06T19:14:23.877+0000] {standard_task_runner.py:85} INFO - Job 4: Subtask run_API_FOURSQUARE
[2025-04-06T19:14:24.068+0000] {task_command.py:416} INFO - Running <TaskInstance: foursquare_api.run_API_FOURSQUARE scheduled__2025-04-06T18:00:00+00:00 [running]> on host 9cf6fc43a3c9
[2025-04-06T19:14:24.422+0000] {taskinstance.py:1662} INFO - Exporting env vars: AIRFLOW_CTX_DAG_OWNER='***' AIRFLOW_CTX_DAG_ID='foursquare_api' AIRFLOW_CTX_TASK_ID='run_API_FOURSQUARE' AIRFLOW_CTX_EXECUTION_DATE='2025-04-06T18:00:00+00:00' AIRFLOW_CTX_TRY_NUMBER='1' AIRFLOW_CTX_DAG_RUN_ID='scheduled__2025-04-06T18:00:00+00:00'
[2025-04-06T19:14:24.431+0000] {logging_mixin.py:151} INFO - Consultando Foursquare...
[2025-04-06T19:14:28.493+0000] {logging_mixin.py:151} INFO - 
====================
[2025-04-06T19:14:28.496+0000] {logging_mixin.py:151} INFO - Nombre: La Flauta
[2025-04-06T19:14:28.497+0000] {logging_mixin.py:151} INFO - Dirección: Aribau, 23 (C. del Consell de Cent), 08011 Barcelona Catalunya
[2025-04-06T19:14:28.498+0000] {logging_mixin.py:151} INFO - Fotos Foursquare: ['https://fastly.4sqi.net/img/general/original/12943861_QD76DH8lVYRK1dxypG2gOUCLqI7va3-AgliX5VAtlg0.jpg']
[2025-04-06T19:14:28.498+0000] {logging_mixin.py:151} INFO - 
====================
[2025-04-06T19:14:28.499+0000] {logging_mixin.py:151} INFO - Nombre: Cervecería Catalana
[2025-04-06T19:14:28.500+0000] {logging_mixin.py:151} INFO - Dirección: Calle Mallorca, 236 (Rambla de Catalunya), 08008 Barcelona Catalunya
[2025-04-06T19:14:28.502+0000] {logging_mixin.py:151} INFO - Fotos Foursquare: ['https://fastly.4sqi.net/img/general/original/5968555_Wn9sRlwuzHVRnlKfb7Cp1PNVqBwa_lHAm51w3hJfY7U.jpg']
[2025-04-06T19:14:28.503+0000] {logging_mixin.py:151} INFO - 
====================
[2025-04-06T19:14:28.503+0000] {logging_mixin.py:151} INFO - Nombre: Vinitus
[2025-04-06T19:14:28.504+0000] {logging_mixin.py:151} INFO - Dirección: Carrer del Consell de Cent, 333, 08007 Barcelona Catalunya
[2025-04-06T19:14:28.506+0000] {logging_mixin.py:151} INFO - Fotos Foursquare: ['https://fastly.4sqi.net/img/general/original/292442_vdPNhrWll_nYalXeDDOVgSuXKXFC8eS2SUz1U78TuA0.jpg']
[2025-04-06T19:14:28.507+0000] {logging_mixin.py:151} INFO - 
====================
[2025-04-06T19:14:28.507+0000] {logging_mixin.py:151} INFO - Nombre: Porvenir
[2025-04-06T19:14:28.508+0000] {logging_mixin.py:151} INFO - Dirección: Villarroel, 157, 08036 Barcelona Catalunya
[2025-04-06T19:14:28.509+0000] {logging_mixin.py:151} INFO - Fotos Foursquare: ['https://fastly.4sqi.net/img/general/original/11243558_tGRsb6cvoKm1vgVnLcmdOMmmfq6VayhuiLTcBEBA8MM.jpg']
[2025-04-06T19:14:28.511+0000] {logging_mixin.py:151} INFO - 
====================
[2025-04-06T19:14:28.512+0000] {logging_mixin.py:151} INFO - Nombre: Ciutat Comtal
[2025-04-06T19:14:28.512+0000] {logging_mixin.py:151} INFO - Dirección: Rambla de Catalunya, 18 (Gran Vía de les Corts Catalanes), 08007 Barcelona Catalunya
[2025-04-06T19:14:28.513+0000] {logging_mixin.py:151} INFO - Fotos Foursquare: ['https://fastly.4sqi.net/img/general/original/401036289_cp4wOpZf8a1-Ole-EZI5vqsoqdNwVvF_VoTMy0K5wRM.jpg']
[2025-04-06T19:14:36.135+0000] {logging_mixin.py:151} INFO - Error al guardar en S3: Unable to locate credentials
[2025-04-06T19:14:36.139+0000] {python.py:194} INFO - Done. Returned value was: None
[2025-04-06T19:14:36.215+0000] {taskinstance.py:1400} INFO - Marking task as SUCCESS. dag_id=foursquare_api, task_id=run_API_FOURSQUARE, execution_date=20250406T180000, start_date=20250406T191423, end_date=20250406T191436
[2025-04-06T19:14:36.399+0000] {local_task_job_runner.py:228} INFO - Task exited with return code 0
[2025-04-06T19:14:36.571+0000] {taskinstance.py:2778} INFO - 0 downstream tasks scheduled from follow-on schedule check
