[2025-04-06T19:14:22.340+0000] {taskinstance.py:1159} INFO - Dependencies all met for dep_context=non-requeueable deps ti=<TaskInstance: foursquare_api.run_API_FOURSQUARE manual__2025-04-06T19:14:18.854642+00:00 [queued]>
[2025-04-06T19:14:22.371+0000] {taskinstance.py:1159} INFO - Dependencies all met for dep_context=requeueable deps ti=<TaskInstance: foursquare_api.run_API_FOURSQUARE manual__2025-04-06T19:14:18.854642+00:00 [queued]>
[2025-04-06T19:14:22.372+0000] {taskinstance.py:1361} INFO - Starting attempt 1 of 2
[2025-04-06T19:14:22.421+0000] {taskinstance.py:1382} INFO - Executing <Task(PythonOperator): run_API_FOURSQUARE> on 2025-04-06 19:14:18.854642+00:00
[2025-04-06T19:14:22.478+0000] {standard_task_runner.py:57} INFO - Started process 51 to run task
[2025-04-06T19:14:22.518+0000] {standard_task_runner.py:84} INFO - Running: ['***', 'tasks', 'run', 'foursquare_api', 'run_API_FOURSQUARE', 'manual__2025-04-06T19:14:18.854642+00:00', '--job-id', '3', '--raw', '--subdir', 'DAGS_FOLDER/dag_foursquare.py', '--cfg-path', '/tmp/tmpmx_4fs49']
[2025-04-06T19:14:22.531+0000] {standard_task_runner.py:85} INFO - Job 3: Subtask run_API_FOURSQUARE
[2025-04-06T19:14:22.910+0000] {task_command.py:416} INFO - Running <TaskInstance: foursquare_api.run_API_FOURSQUARE manual__2025-04-06T19:14:18.854642+00:00 [running]> on host 9cf6fc43a3c9
[2025-04-06T19:14:23.213+0000] {taskinstance.py:1662} INFO - Exporting env vars: AIRFLOW_CTX_DAG_OWNER='***' AIRFLOW_CTX_DAG_ID='foursquare_api' AIRFLOW_CTX_TASK_ID='run_API_FOURSQUARE' AIRFLOW_CTX_EXECUTION_DATE='2025-04-06T19:14:18.854642+00:00' AIRFLOW_CTX_TRY_NUMBER='1' AIRFLOW_CTX_DAG_RUN_ID='manual__2025-04-06T19:14:18.854642+00:00'
[2025-04-06T19:14:23.216+0000] {logging_mixin.py:151} INFO - Consultando Foursquare...
[2025-04-06T19:14:27.369+0000] {logging_mixin.py:151} INFO - 
====================
[2025-04-06T19:14:27.371+0000] {logging_mixin.py:151} INFO - Nombre: La Flauta
[2025-04-06T19:14:27.372+0000] {logging_mixin.py:151} INFO - Dirección: Aribau, 23 (C. del Consell de Cent), 08011 Barcelona Catalunya
[2025-04-06T19:14:27.373+0000] {logging_mixin.py:151} INFO - Fotos Foursquare: ['https://fastly.4sqi.net/img/general/original/12943861_QD76DH8lVYRK1dxypG2gOUCLqI7va3-AgliX5VAtlg0.jpg']
[2025-04-06T19:14:27.373+0000] {logging_mixin.py:151} INFO - 
====================
[2025-04-06T19:14:27.374+0000] {logging_mixin.py:151} INFO - Nombre: Cervecería Catalana
[2025-04-06T19:14:27.374+0000] {logging_mixin.py:151} INFO - Dirección: Calle Mallorca, 236 (Rambla de Catalunya), 08008 Barcelona Catalunya
[2025-04-06T19:14:27.375+0000] {logging_mixin.py:151} INFO - Fotos Foursquare: ['https://fastly.4sqi.net/img/general/original/5968555_Wn9sRlwuzHVRnlKfb7Cp1PNVqBwa_lHAm51w3hJfY7U.jpg']
[2025-04-06T19:14:27.376+0000] {logging_mixin.py:151} INFO - 
====================
[2025-04-06T19:14:27.376+0000] {logging_mixin.py:151} INFO - Nombre: Vinitus
[2025-04-06T19:14:27.377+0000] {logging_mixin.py:151} INFO - Dirección: Carrer del Consell de Cent, 333, 08007 Barcelona Catalunya
[2025-04-06T19:14:27.377+0000] {logging_mixin.py:151} INFO - Fotos Foursquare: ['https://fastly.4sqi.net/img/general/original/292442_vdPNhrWll_nYalXeDDOVgSuXKXFC8eS2SUz1U78TuA0.jpg']
[2025-04-06T19:14:27.378+0000] {logging_mixin.py:151} INFO - 
====================
[2025-04-06T19:14:27.379+0000] {logging_mixin.py:151} INFO - Nombre: Porvenir
[2025-04-06T19:14:27.380+0000] {logging_mixin.py:151} INFO - Dirección: Villarroel, 157, 08036 Barcelona Catalunya
[2025-04-06T19:14:27.381+0000] {logging_mixin.py:151} INFO - Fotos Foursquare: ['https://fastly.4sqi.net/img/general/original/11243558_tGRsb6cvoKm1vgVnLcmdOMmmfq6VayhuiLTcBEBA8MM.jpg']
[2025-04-06T19:14:27.381+0000] {logging_mixin.py:151} INFO - 
====================
[2025-04-06T19:14:27.382+0000] {logging_mixin.py:151} INFO - Nombre: Ciutat Comtal
[2025-04-06T19:14:27.382+0000] {logging_mixin.py:151} INFO - Dirección: Rambla de Catalunya, 18 (Gran Vía de les Corts Catalanes), 08007 Barcelona Catalunya
[2025-04-06T19:14:27.383+0000] {logging_mixin.py:151} INFO - Fotos Foursquare: ['https://fastly.4sqi.net/img/general/original/401036289_cp4wOpZf8a1-Ole-EZI5vqsoqdNwVvF_VoTMy0K5wRM.jpg']
[2025-04-06T19:14:36.172+0000] {logging_mixin.py:151} INFO - Error al guardar en S3: Unable to locate credentials
[2025-04-06T19:14:36.174+0000] {python.py:194} INFO - Done. Returned value was: None
[2025-04-06T19:14:36.230+0000] {taskinstance.py:1400} INFO - Marking task as SUCCESS. dag_id=foursquare_api, task_id=run_API_FOURSQUARE, execution_date=20250406T191418, start_date=20250406T191422, end_date=20250406T191436
[2025-04-06T19:14:36.364+0000] {local_task_job_runner.py:228} INFO - Task exited with return code 0
[2025-04-06T19:14:36.648+0000] {taskinstance.py:2778} INFO - 0 downstream tasks scheduled from follow-on schedule check
