[2025-04-05T13:17:20.177+0000] {manager.py:487} INFO - Processing files using up to 2 processes at a time 
[2025-04-05T13:17:20.181+0000] {manager.py:488} INFO - Process each file at most once every 30 seconds
[2025-04-05T13:17:20.184+0000] {manager.py:489} INFO - Checking for new files in /opt/airflow/dags every 300 seconds
[2025-04-05T13:17:20.186+0000] {manager.py:755} INFO - Searching for files in /opt/airflow/dags
[2025-04-05T13:17:20.199+0000] {manager.py:758} INFO - There are 0 files in /opt/airflow/dags
[2025-04-05T13:22:20.566+0000] {manager.py:755} INFO - Searching for files in /opt/airflow/dags
[2025-04-05T13:22:20.587+0000] {manager.py:758} INFO - There are 0 files in /opt/airflow/dags
[2025-04-05T13:27:21.483+0000] {manager.py:755} INFO - Searching for files in /opt/airflow/dags
[2025-04-05T13:27:21.508+0000] {manager.py:758} INFO - There are 0 files in /opt/airflow/dags
[2025-04-05T13:32:21.605+0000] {manager.py:469} INFO - Exiting gracefully upon receiving signal 15
[2025-04-05T13:33:26.392+0000] {manager.py:487} INFO - Processing files using up to 2 processes at a time 
[2025-04-05T13:33:26.401+0000] {manager.py:488} INFO - Process each file at most once every 30 seconds
[2025-04-05T13:33:26.403+0000] {manager.py:489} INFO - Checking for new files in /opt/airflow/dags every 300 seconds
[2025-04-05T13:33:26.404+0000] {manager.py:755} INFO - Searching for files in /opt/airflow/dags
[2025-04-05T13:33:26.480+0000] {manager.py:758} INFO - There are 1 files in /opt/airflow/dags
[2025-04-05T13:33:27.196+0000] {manager.py:887} INFO - 
================================================================================
DAG File Processing Stats

File Path                                    PID  Runtime      # DAGs    # Errors  Last Runtime    Last Run
-----------------------------------------  -----  ---------  --------  ----------  --------------  ----------
/opt/airflow/dags/restaurante_pipeline.py     28  0.31s             0           0
================================================================================
[2025-04-05T13:33:57.309+0000] {manager.py:887} INFO - 
================================================================================
DAG File Processing Stats

File Path                                  PID    Runtime      # DAGs    # Errors  Last Runtime    Last Run
-----------------------------------------  -----  ---------  --------  ----------  --------------  -------------------
/opt/airflow/dags/restaurante_pipeline.py                           1           0  1.22s           2025-04-05T13:33:28
================================================================================
[2025-04-05T13:34:27.479+0000] {manager.py:887} INFO - 
================================================================================
DAG File Processing Stats

File Path                                  PID    Runtime      # DAGs    # Errors  Last Runtime    Last Run
-----------------------------------------  -----  ---------  --------  ----------  --------------  -------------------
/opt/airflow/dags/restaurante_pipeline.py                           1           0  0.71s           2025-04-05T13:33:59
================================================================================
[2025-04-05T13:34:58.246+0000] {manager.py:887} INFO - 
================================================================================
DAG File Processing Stats

File Path                                  PID    Runtime      # DAGs    # Errors  Last Runtime    Last Run
-----------------------------------------  -----  ---------  --------  ----------  --------------  -------------------
/opt/airflow/dags/restaurante_pipeline.py                           1           0  0.39s           2025-04-05T13:34:30
================================================================================
[2025-04-05T13:35:28.341+0000] {manager.py:887} INFO - 
================================================================================
DAG File Processing Stats

File Path                                  PID    Runtime      # DAGs    # Errors  Last Runtime    Last Run
-----------------------------------------  -----  ---------  --------  ----------  --------------  -------------------
/opt/airflow/dags/restaurante_pipeline.py                           1           0  0.95s           2025-04-05T13:35:01
================================================================================
[2025-04-05T13:35:58.753+0000] {manager.py:887} INFO - 
================================================================================
DAG File Processing Stats

File Path                                  PID    Runtime      # DAGs    # Errors  Last Runtime    Last Run
-----------------------------------------  -----  ---------  --------  ----------  --------------  -------------------
/opt/airflow/dags/restaurante_pipeline.py                           1           0  0.35s           2025-04-05T13:35:32
================================================================================
[2025-04-05T13:36:29.071+0000] {manager.py:887} INFO - 
================================================================================
DAG File Processing Stats

File Path                                  PID    Runtime      # DAGs    # Errors  Last Runtime    Last Run
-----------------------------------------  -----  ---------  --------  ----------  --------------  -------------------
/opt/airflow/dags/restaurante_pipeline.py                           1           0  0.19s           2025-04-05T13:36:02
================================================================================
[2025-04-05T13:36:59.441+0000] {manager.py:887} INFO - 
================================================================================
DAG File Processing Stats

File Path                                  PID    Runtime      # DAGs    # Errors  Last Runtime    Last Run
-----------------------------------------  -----  ---------  --------  ----------  --------------  -------------------
/opt/airflow/dags/restaurante_pipeline.py                           1           0  0.20s           2025-04-05T13:36:33
================================================================================
[2025-04-05T13:37:29.902+0000] {manager.py:887} INFO - 
================================================================================
DAG File Processing Stats

File Path                                  PID    Runtime      # DAGs    # Errors  Last Runtime    Last Run
-----------------------------------------  -----  ---------  --------  ----------  --------------  -------------------
/opt/airflow/dags/restaurante_pipeline.py                           1           0  0.15s           2025-04-05T13:37:03
================================================================================
[2025-04-05T13:38:00.143+0000] {manager.py:887} INFO - 
================================================================================
DAG File Processing Stats

File Path                                  PID    Runtime      # DAGs    # Errors  Last Runtime    Last Run
-----------------------------------------  -----  ---------  --------  ----------  --------------  -------------------
/opt/airflow/dags/restaurante_pipeline.py                           1           0  0.66s           2025-04-05T13:37:34
================================================================================
[2025-04-05T13:38:26.440+0000] {manager.py:755} INFO - Searching for files in /opt/airflow/dags
[2025-04-05T13:38:26.493+0000] {manager.py:758} INFO - There are 1 files in /opt/airflow/dags
[2025-04-05T13:38:30.583+0000] {manager.py:887} INFO - 
================================================================================
DAG File Processing Stats

File Path                                  PID    Runtime      # DAGs    # Errors  Last Runtime    Last Run
-----------------------------------------  -----  ---------  --------  ----------  --------------  -------------------
/opt/airflow/dags/restaurante_pipeline.py                           1           0  0.22s           2025-04-05T13:38:05
================================================================================
[2025-04-05T13:39:01.147+0000] {manager.py:887} INFO - 
================================================================================
DAG File Processing Stats

File Path                                  PID    Runtime      # DAGs    # Errors  Last Runtime    Last Run
-----------------------------------------  -----  ---------  --------  ----------  --------------  -------------------
/opt/airflow/dags/restaurante_pipeline.py                           1           0  0.21s           2025-04-05T13:38:35
================================================================================
[2025-04-05T13:39:16.193+0000] {manager.py:469} INFO - Exiting gracefully upon receiving signal 15
[2025-04-05T13:40:09.775+0000] {manager.py:487} INFO - Processing files using up to 2 processes at a time 
[2025-04-05T13:40:09.794+0000] {manager.py:488} INFO - Process each file at most once every 30 seconds
[2025-04-05T13:40:09.799+0000] {manager.py:489} INFO - Checking for new files in /opt/airflow/dags every 300 seconds
[2025-04-05T13:40:09.801+0000] {manager.py:755} INFO - Searching for files in /opt/airflow/dags
[2025-04-05T13:40:09.836+0000] {manager.py:758} INFO - There are 1 files in /opt/airflow/dags
[2025-04-05T13:40:10.166+0000] {manager.py:887} INFO - 
================================================================================
DAG File Processing Stats

File Path                                    PID  Runtime      # DAGs    # Errors  Last Runtime    Last Run
-----------------------------------------  -----  ---------  --------  ----------  --------------  ----------
/opt/airflow/dags/restaurante_pipeline.py     29  0.17s             0           0
================================================================================
[2025-04-05T13:40:41.097+0000] {manager.py:887} INFO - 
================================================================================
DAG File Processing Stats

File Path                                    PID  Runtime      # DAGs    # Errors  Last Runtime    Last Run
-----------------------------------------  -----  ---------  --------  ----------  --------------  -------------------
/opt/airflow/dags/restaurante_pipeline.py     30  0.02s             1           0  0.42s           2025-04-05T13:40:10
================================================================================
[2025-04-05T13:41:11.795+0000] {manager.py:887} INFO - 
================================================================================
DAG File Processing Stats

File Path                                    PID  Runtime      # DAGs    # Errors  Last Runtime    Last Run
-----------------------------------------  -----  ---------  --------  ----------  --------------  -------------------
/opt/airflow/dags/restaurante_pipeline.py     31  0.05s             1           0  0.47s           2025-04-05T13:40:41
================================================================================
[2025-04-05T13:41:41.948+0000] {manager.py:887} INFO - 
================================================================================
DAG File Processing Stats

File Path                                  PID    Runtime      # DAGs    # Errors  Last Runtime    Last Run
-----------------------------------------  -----  ---------  --------  ----------  --------------  -------------------
/opt/airflow/dags/restaurante_pipeline.py                           1           0  0.75s           2025-04-05T13:41:12
================================================================================
[2025-04-05T13:42:12.534+0000] {manager.py:887} INFO - 
================================================================================
DAG File Processing Stats

File Path                                  PID    Runtime      # DAGs    # Errors  Last Runtime    Last Run
-----------------------------------------  -----  ---------  --------  ----------  --------------  -------------------
/opt/airflow/dags/restaurante_pipeline.py                           1           0  1.48s           2025-04-05T13:41:44
================================================================================
[2025-04-05T13:42:43.246+0000] {manager.py:887} INFO - 
================================================================================
DAG File Processing Stats

File Path                                  PID    Runtime      # DAGs    # Errors  Last Runtime    Last Run
-----------------------------------------  -----  ---------  --------  ----------  --------------  -------------------
/opt/airflow/dags/restaurante_pipeline.py                           1           0  0.24s           2025-04-05T13:42:14
================================================================================
[2025-04-05T13:43:13.334+0000] {manager.py:887} INFO - 
================================================================================
DAG File Processing Stats

File Path                                  PID    Runtime      # DAGs    # Errors  Last Runtime    Last Run
-----------------------------------------  -----  ---------  --------  ----------  --------------  -------------------
/opt/airflow/dags/restaurante_pipeline.py                           1           0  0.51s           2025-04-05T13:42:45
================================================================================
[2025-04-05T13:43:43.647+0000] {manager.py:887} INFO - 
================================================================================
DAG File Processing Stats

File Path                                  PID    Runtime      # DAGs    # Errors  Last Runtime    Last Run
-----------------------------------------  -----  ---------  --------  ----------  --------------  -------------------
/opt/airflow/dags/restaurante_pipeline.py                           1           0  0.46s           2025-04-05T13:43:16
================================================================================
[2025-04-05T13:44:14.167+0000] {manager.py:887} INFO - 
================================================================================
DAG File Processing Stats

File Path                                  PID    Runtime      # DAGs    # Errors  Last Runtime    Last Run
-----------------------------------------  -----  ---------  --------  ----------  --------------  -------------------
/opt/airflow/dags/restaurante_pipeline.py                           1           0  0.34s           2025-04-05T13:43:46
================================================================================
[2025-04-05T13:44:44.975+0000] {manager.py:887} INFO - 
================================================================================
DAG File Processing Stats

File Path                                  PID    Runtime      # DAGs    # Errors  Last Runtime    Last Run
-----------------------------------------  -----  ---------  --------  ----------  --------------  -------------------
/opt/airflow/dags/restaurante_pipeline.py                           1           0  0.26s           2025-04-05T13:44:17
================================================================================
[2025-04-05T13:45:10.239+0000] {manager.py:755} INFO - Searching for files in /opt/airflow/dags
[2025-04-05T13:45:10.253+0000] {manager.py:758} INFO - There are 1 files in /opt/airflow/dags
[2025-04-05T13:45:15.324+0000] {manager.py:887} INFO - 
================================================================================
DAG File Processing Stats

File Path                                  PID    Runtime      # DAGs    # Errors  Last Runtime    Last Run
-----------------------------------------  -----  ---------  --------  ----------  --------------  -------------------
/opt/airflow/dags/restaurante_pipeline.py                           1           0  0.55s           2025-04-05T13:44:48
================================================================================
[2025-04-05T13:45:45.420+0000] {manager.py:887} INFO - 
================================================================================
DAG File Processing Stats

File Path                                  PID    Runtime      # DAGs    # Errors  Last Runtime    Last Run
-----------------------------------------  -----  ---------  --------  ----------  --------------  -------------------
/opt/airflow/dags/restaurante_pipeline.py                           1           0  0.17s           2025-04-05T13:45:19
================================================================================
[2025-04-05T13:46:15.458+0000] {manager.py:887} INFO - 
================================================================================
DAG File Processing Stats

File Path                                  PID    Runtime      # DAGs    # Errors  Last Runtime    Last Run
-----------------------------------------  -----  ---------  --------  ----------  --------------  -------------------
/opt/airflow/dags/restaurante_pipeline.py                           1           0  0.22s           2025-04-05T13:45:49
================================================================================
[2025-04-05T13:46:45.964+0000] {manager.py:887} INFO - 
================================================================================
DAG File Processing Stats

File Path                                  PID    Runtime      # DAGs    # Errors  Last Runtime    Last Run
-----------------------------------------  -----  ---------  --------  ----------  --------------  -------------------
/opt/airflow/dags/restaurante_pipeline.py                           1           0  0.22s           2025-04-05T13:46:19
================================================================================
[2025-04-05T13:47:16.256+0000] {manager.py:887} INFO - 
================================================================================
DAG File Processing Stats

File Path                                  PID    Runtime      # DAGs    # Errors  Last Runtime    Last Run
-----------------------------------------  -----  ---------  --------  ----------  --------------  -------------------
/opt/airflow/dags/restaurante_pipeline.py                           1           0  0.22s           2025-04-05T13:46:50
================================================================================
[2025-04-05T13:47:46.548+0000] {manager.py:887} INFO - 
================================================================================
DAG File Processing Stats

File Path                                  PID    Runtime      # DAGs    # Errors  Last Runtime    Last Run
-----------------------------------------  -----  ---------  --------  ----------  --------------  -------------------
/opt/airflow/dags/restaurante_pipeline.py                           1           0  0.17s           2025-04-05T13:47:20
================================================================================
[2025-04-05T13:48:16.963+0000] {manager.py:887} INFO - 
================================================================================
DAG File Processing Stats

File Path                                  PID    Runtime      # DAGs    # Errors  Last Runtime    Last Run
-----------------------------------------  -----  ---------  --------  ----------  --------------  -------------------
/opt/airflow/dags/restaurante_pipeline.py                           1           0  0.18s           2025-04-05T13:47:50
================================================================================
[2025-04-05T13:48:47.358+0000] {manager.py:887} INFO - 
================================================================================
DAG File Processing Stats

File Path                                  PID    Runtime      # DAGs    # Errors  Last Runtime    Last Run
-----------------------------------------  -----  ---------  --------  ----------  --------------  -------------------
/opt/airflow/dags/restaurante_pipeline.py                           1           0  0.15s           2025-04-05T13:48:21
================================================================================
[2025-04-05T13:49:17.446+0000] {manager.py:887} INFO - 
================================================================================
DAG File Processing Stats

File Path                                  PID    Runtime      # DAGs    # Errors  Last Runtime    Last Run
-----------------------------------------  -----  ---------  --------  ----------  --------------  -------------------
/opt/airflow/dags/restaurante_pipeline.py                           1           0  1.00s           2025-04-05T13:48:52
================================================================================
[2025-04-05T13:49:48.271+0000] {manager.py:887} INFO - 
================================================================================
DAG File Processing Stats

File Path                                  PID    Runtime      # DAGs    # Errors  Last Runtime    Last Run
-----------------------------------------  -----  ---------  --------  ----------  --------------  -------------------
/opt/airflow/dags/restaurante_pipeline.py                           1           0  0.19s           2025-04-05T13:49:23
================================================================================
[2025-04-05T13:50:10.626+0000] {manager.py:755} INFO - Searching for files in /opt/airflow/dags
[2025-04-05T13:50:10.637+0000] {manager.py:758} INFO - There are 1 files in /opt/airflow/dags
[2025-04-05T13:50:18.723+0000] {manager.py:887} INFO - 
================================================================================
DAG File Processing Stats

File Path                                  PID    Runtime      # DAGs    # Errors  Last Runtime    Last Run
-----------------------------------------  -----  ---------  --------  ----------  --------------  -------------------
/opt/airflow/dags/restaurante_pipeline.py                           1           0  0.19s           2025-04-05T13:49:53
================================================================================
[2025-04-05T13:50:49.028+0000] {manager.py:887} INFO - 
================================================================================
DAG File Processing Stats

File Path                                  PID    Runtime      # DAGs    # Errors  Last Runtime    Last Run
-----------------------------------------  -----  ---------  --------  ----------  --------------  -------------------
/opt/airflow/dags/restaurante_pipeline.py                           1           0  0.15s           2025-04-05T13:50:23
================================================================================
[2025-04-05T13:51:19.443+0000] {manager.py:887} INFO - 
================================================================================
DAG File Processing Stats

File Path                                  PID    Runtime      # DAGs    # Errors  Last Runtime    Last Run
-----------------------------------------  -----  ---------  --------  ----------  --------------  -------------------
/opt/airflow/dags/restaurante_pipeline.py                           1           0  0.21s           2025-04-05T13:50:54
================================================================================
[2025-04-05T13:51:49.920+0000] {manager.py:887} INFO - 
================================================================================
DAG File Processing Stats

File Path                                  PID    Runtime      # DAGs    # Errors  Last Runtime    Last Run
-----------------------------------------  -----  ---------  --------  ----------  --------------  -------------------
/opt/airflow/dags/restaurante_pipeline.py                           1           0  0.41s           2025-04-05T13:51:24
================================================================================
[2025-04-05T13:52:20.255+0000] {manager.py:887} INFO - 
================================================================================
DAG File Processing Stats

File Path                                  PID    Runtime      # DAGs    # Errors  Last Runtime    Last Run
-----------------------------------------  -----  ---------  --------  ----------  --------------  -------------------
/opt/airflow/dags/restaurante_pipeline.py                           1           0  0.18s           2025-04-05T13:51:55
================================================================================
[2025-04-05T13:52:50.785+0000] {manager.py:887} INFO - 
================================================================================
DAG File Processing Stats

File Path                                  PID    Runtime      # DAGs    # Errors  Last Runtime    Last Run
-----------------------------------------  -----  ---------  --------  ----------  --------------  -------------------
/opt/airflow/dags/restaurante_pipeline.py                           1           0  0.19s           2025-04-05T13:52:25
================================================================================
[2025-04-05T13:53:21.173+0000] {manager.py:887} INFO - 
================================================================================
DAG File Processing Stats

File Path                                  PID    Runtime      # DAGs    # Errors  Last Runtime    Last Run
-----------------------------------------  -----  ---------  --------  ----------  --------------  -------------------
/opt/airflow/dags/restaurante_pipeline.py                           1           0  0.18s           2025-04-05T13:52:56
================================================================================
[2025-04-05T13:53:51.546+0000] {manager.py:887} INFO - 
================================================================================
DAG File Processing Stats

File Path                                  PID    Runtime      # DAGs    # Errors  Last Runtime    Last Run
-----------------------------------------  -----  ---------  --------  ----------  --------------  -------------------
/opt/airflow/dags/restaurante_pipeline.py                           1           0  0.22s           2025-04-05T13:53:26
================================================================================
[2025-04-05T13:54:21.936+0000] {manager.py:887} INFO - 
================================================================================
DAG File Processing Stats

File Path                                  PID    Runtime      # DAGs    # Errors  Last Runtime    Last Run
-----------------------------------------  -----  ---------  --------  ----------  --------------  -------------------
/opt/airflow/dags/restaurante_pipeline.py                           1           0  0.23s           2025-04-05T13:53:56
================================================================================
[2025-04-05T13:54:52.292+0000] {manager.py:887} INFO - 
================================================================================
DAG File Processing Stats

File Path                                  PID    Runtime      # DAGs    # Errors  Last Runtime    Last Run
-----------------------------------------  -----  ---------  --------  ----------  --------------  -------------------
/opt/airflow/dags/restaurante_pipeline.py                           1           0  0.26s           2025-04-05T13:54:27
================================================================================
[2025-04-05T13:55:10.630+0000] {manager.py:755} INFO - Searching for files in /opt/airflow/dags
[2025-04-05T13:55:10.640+0000] {manager.py:758} INFO - There are 1 files in /opt/airflow/dags
[2025-04-05T13:55:22.730+0000] {manager.py:887} INFO - 
================================================================================
DAG File Processing Stats

File Path                                  PID    Runtime      # DAGs    # Errors  Last Runtime    Last Run
-----------------------------------------  -----  ---------  --------  ----------  --------------  -------------------
/opt/airflow/dags/restaurante_pipeline.py                           1           0  0.16s           2025-04-05T13:54:57
================================================================================
[2025-04-05T13:55:53.722+0000] {manager.py:887} INFO - 
================================================================================
DAG File Processing Stats

File Path                                  PID    Runtime      # DAGs    # Errors  Last Runtime    Last Run
-----------------------------------------  -----  ---------  --------  ----------  --------------  -------------------
/opt/airflow/dags/restaurante_pipeline.py                           1           0  0.21s           2025-04-05T13:55:27
================================================================================
[2025-04-05T13:56:24.112+0000] {manager.py:887} INFO - 
================================================================================
DAG File Processing Stats

File Path                                  PID    Runtime      # DAGs    # Errors  Last Runtime    Last Run
-----------------------------------------  -----  ---------  --------  ----------  --------------  -------------------
/opt/airflow/dags/restaurante_pipeline.py                           1           0  0.18s           2025-04-05T13:55:59
================================================================================
[2025-04-05T13:56:54.424+0000] {manager.py:887} INFO - 
================================================================================
DAG File Processing Stats

File Path                                  PID    Runtime      # DAGs    # Errors  Last Runtime    Last Run
-----------------------------------------  -----  ---------  --------  ----------  --------------  -------------------
/opt/airflow/dags/restaurante_pipeline.py                           1           0  0.19s           2025-04-05T13:56:29
================================================================================
[2025-04-05T13:57:24.744+0000] {manager.py:887} INFO - 
================================================================================
DAG File Processing Stats

File Path                                  PID    Runtime      # DAGs    # Errors  Last Runtime    Last Run
-----------------------------------------  -----  ---------  --------  ----------  --------------  -------------------
/opt/airflow/dags/restaurante_pipeline.py                           1           0  0.21s           2025-04-05T13:56:59
================================================================================
[2025-04-05T13:57:55.136+0000] {manager.py:887} INFO - 
================================================================================
DAG File Processing Stats

File Path                                  PID    Runtime      # DAGs    # Errors  Last Runtime    Last Run
-----------------------------------------  -----  ---------  --------  ----------  --------------  -------------------
/opt/airflow/dags/restaurante_pipeline.py                           1           0  0.19s           2025-04-05T13:57:29
================================================================================
[2025-04-05T13:58:25.558+0000] {manager.py:887} INFO - 
================================================================================
DAG File Processing Stats

File Path                                  PID    Runtime      # DAGs    # Errors  Last Runtime    Last Run
-----------------------------------------  -----  ---------  --------  ----------  --------------  -------------------
/opt/airflow/dags/restaurante_pipeline.py                           1           0  0.32s           2025-04-05T13:58:00
================================================================================
[2025-04-05T13:58:55.909+0000] {manager.py:887} INFO - 
================================================================================
DAG File Processing Stats

File Path                                  PID    Runtime      # DAGs    # Errors  Last Runtime    Last Run
-----------------------------------------  -----  ---------  --------  ----------  --------------  -------------------
/opt/airflow/dags/restaurante_pipeline.py                           1           0  0.16s           2025-04-05T13:58:30
================================================================================
[2025-04-05T13:59:26.281+0000] {manager.py:887} INFO - 
================================================================================
DAG File Processing Stats

File Path                                  PID    Runtime      # DAGs    # Errors  Last Runtime    Last Run
-----------------------------------------  -----  ---------  --------  ----------  --------------  -------------------
/opt/airflow/dags/restaurante_pipeline.py                           1           0  0.17s           2025-04-05T13:59:01
================================================================================
[2025-04-05T13:59:56.693+0000] {manager.py:887} INFO - 
================================================================================
DAG File Processing Stats

File Path                                  PID    Runtime      # DAGs    # Errors  Last Runtime    Last Run
-----------------------------------------  -----  ---------  --------  ----------  --------------  -------------------
/opt/airflow/dags/restaurante_pipeline.py                           1           0  0.16s           2025-04-05T13:59:31
================================================================================
[2025-04-05T14:00:11.142+0000] {manager.py:755} INFO - Searching for files in /opt/airflow/dags
[2025-04-05T14:00:11.174+0000] {manager.py:758} INFO - There are 1 files in /opt/airflow/dags
[2025-04-05T14:00:27.696+0000] {manager.py:887} INFO - 
================================================================================
DAG File Processing Stats

File Path                                  PID    Runtime      # DAGs    # Errors  Last Runtime    Last Run
-----------------------------------------  -----  ---------  --------  ----------  --------------  -------------------
/opt/airflow/dags/restaurante_pipeline.py                           1           0  0.55s           2025-04-05T14:00:02
================================================================================
[2025-04-05T14:00:58.178+0000] {manager.py:887} INFO - 
================================================================================
DAG File Processing Stats

File Path                                  PID    Runtime      # DAGs    # Errors  Last Runtime    Last Run
-----------------------------------------  -----  ---------  --------  ----------  --------------  -------------------
/opt/airflow/dags/restaurante_pipeline.py                           1           0  0.40s           2025-04-05T14:00:33
================================================================================
[2025-04-05T14:01:28.821+0000] {manager.py:887} INFO - 
================================================================================
DAG File Processing Stats

File Path                                  PID    Runtime      # DAGs    # Errors  Last Runtime    Last Run
-----------------------------------------  -----  ---------  --------  ----------  --------------  -------------------
/opt/airflow/dags/restaurante_pipeline.py                           1           0  0.14s           2025-04-05T14:01:03
================================================================================
[2025-04-05T14:01:58.967+0000] {manager.py:887} INFO - 
================================================================================
DAG File Processing Stats

File Path                                  PID    Runtime      # DAGs    # Errors  Last Runtime    Last Run
-----------------------------------------  -----  ---------  --------  ----------  --------------  -------------------
/opt/airflow/dags/restaurante_pipeline.py                           1           0  0.79s           2025-04-05T14:01:34
================================================================================
[2025-04-05T14:02:29.160+0000] {manager.py:887} INFO - 
================================================================================
DAG File Processing Stats

File Path                                  PID    Runtime      # DAGs    # Errors  Last Runtime    Last Run
-----------------------------------------  -----  ---------  --------  ----------  --------------  -------------------
/opt/airflow/dags/restaurante_pipeline.py                           1           0  0.72s           2025-04-05T14:02:05
================================================================================
[2025-04-05T14:02:59.978+0000] {manager.py:887} INFO - 
================================================================================
DAG File Processing Stats

File Path                                  PID    Runtime      # DAGs    # Errors  Last Runtime    Last Run
-----------------------------------------  -----  ---------  --------  ----------  --------------  -------------------
/opt/airflow/dags/restaurante_pipeline.py                           1           0  1.57s           2025-04-05T14:02:38
================================================================================
[2025-04-05T14:03:30.012+0000] {manager.py:887} INFO - 
================================================================================
DAG File Processing Stats

File Path                                  PID    Runtime      # DAGs    # Errors  Last Runtime    Last Run
-----------------------------------------  -----  ---------  --------  ----------  --------------  -------------------
/opt/airflow/dags/restaurante_pipeline.py                           1           0  1.80s           2025-04-05T14:03:10
================================================================================
[2025-04-05T14:04:00.409+0000] {manager.py:887} INFO - 
================================================================================
DAG File Processing Stats

File Path                                  PID    Runtime      # DAGs    # Errors  Last Runtime    Last Run
-----------------------------------------  -----  ---------  --------  ----------  --------------  -------------------
/opt/airflow/dags/restaurante_pipeline.py                           1           0  1.66s           2025-04-05T14:03:41
================================================================================
[2025-04-05T14:04:30.423+0000] {manager.py:887} INFO - 
================================================================================
DAG File Processing Stats

File Path                                  PID    Runtime      # DAGs    # Errors  Last Runtime    Last Run
-----------------------------------------  -----  ---------  --------  ----------  --------------  -------------------
/opt/airflow/dags/restaurante_pipeline.py                           1           0  0.49s           2025-04-05T14:04:13
================================================================================
[2025-04-05T14:05:00.972+0000] {manager.py:887} INFO - 
================================================================================
DAG File Processing Stats

File Path                                  PID    Runtime      # DAGs    # Errors  Last Runtime    Last Run
-----------------------------------------  -----  ---------  --------  ----------  --------------  -------------------
/opt/airflow/dags/restaurante_pipeline.py                           1           0  0.56s           2025-04-05T14:04:43
================================================================================
[2025-04-05T14:05:11.299+0000] {manager.py:755} INFO - Searching for files in /opt/airflow/dags
[2025-04-05T14:05:11.346+0000] {manager.py:758} INFO - There are 1 files in /opt/airflow/dags
[2025-04-05T14:05:31.757+0000] {manager.py:887} INFO - 
================================================================================
DAG File Processing Stats

File Path                                  PID    Runtime      # DAGs    # Errors  Last Runtime    Last Run
-----------------------------------------  -----  ---------  --------  ----------  --------------  -------------------
/opt/airflow/dags/restaurante_pipeline.py                           1           0  0.38s           2025-04-05T14:05:14
================================================================================
[2025-04-05T14:06:02.371+0000] {manager.py:887} INFO - 
================================================================================
DAG File Processing Stats

File Path                                  PID    Runtime      # DAGs    # Errors  Last Runtime    Last Run
-----------------------------------------  -----  ---------  --------  ----------  --------------  -------------------
/opt/airflow/dags/restaurante_pipeline.py                           1           0  0.79s           2025-04-05T14:05:45
================================================================================
[2025-04-05T14:06:32.625+0000] {manager.py:887} INFO - 
================================================================================
DAG File Processing Stats

File Path                                  PID    Runtime      # DAGs    # Errors  Last Runtime    Last Run
-----------------------------------------  -----  ---------  --------  ----------  --------------  -------------------
/opt/airflow/dags/restaurante_pipeline.py                           1           0  0.44s           2025-04-05T14:06:16
================================================================================
[2025-04-05T14:07:03.332+0000] {manager.py:887} INFO - 
================================================================================
DAG File Processing Stats

File Path                                  PID    Runtime      # DAGs    # Errors  Last Runtime    Last Run
-----------------------------------------  -----  ---------  --------  ----------  --------------  -------------------
/opt/airflow/dags/restaurante_pipeline.py                           1           0  1.02s           2025-04-05T14:06:48
================================================================================
[2025-04-05T14:07:33.378+0000] {manager.py:887} INFO - 
================================================================================
DAG File Processing Stats

File Path                                  PID    Runtime      # DAGs    # Errors  Last Runtime    Last Run
-----------------------------------------  -----  ---------  --------  ----------  --------------  -------------------
/opt/airflow/dags/restaurante_pipeline.py                           1           0  0.96s           2025-04-05T14:07:20
================================================================================
[2025-04-05T14:08:03.660+0000] {manager.py:887} INFO - 
================================================================================
DAG File Processing Stats

File Path                                  PID    Runtime      # DAGs    # Errors  Last Runtime    Last Run
-----------------------------------------  -----  ---------  --------  ----------  --------------  -------------------
/opt/airflow/dags/restaurante_pipeline.py                           1           0  0.45s           2025-04-05T14:07:51
================================================================================
[2025-04-05T14:08:33.818+0000] {manager.py:887} INFO - 
================================================================================
DAG File Processing Stats

File Path                                  PID    Runtime      # DAGs    # Errors  Last Runtime    Last Run
-----------------------------------------  -----  ---------  --------  ----------  --------------  -------------------
/opt/airflow/dags/restaurante_pipeline.py                           1           0  0.17s           2025-04-05T14:08:21
================================================================================
[2025-04-05T14:09:04.256+0000] {manager.py:887} INFO - 
================================================================================
DAG File Processing Stats

File Path                                  PID    Runtime      # DAGs    # Errors  Last Runtime    Last Run
-----------------------------------------  -----  ---------  --------  ----------  --------------  -------------------
/opt/airflow/dags/restaurante_pipeline.py                           1           0  0.24s           2025-04-05T14:08:52
================================================================================
[2025-04-05T14:09:34.832+0000] {manager.py:887} INFO - 
================================================================================
DAG File Processing Stats

File Path                                  PID    Runtime      # DAGs    # Errors  Last Runtime    Last Run
-----------------------------------------  -----  ---------  --------  ----------  --------------  -------------------
/opt/airflow/dags/restaurante_pipeline.py                           1           0  0.28s           2025-04-05T14:09:22
================================================================================
[2025-04-05T14:10:05.665+0000] {manager.py:887} INFO - 
================================================================================
DAG File Processing Stats

File Path                                  PID    Runtime      # DAGs    # Errors  Last Runtime    Last Run
-----------------------------------------  -----  ---------  --------  ----------  --------------  -------------------
/opt/airflow/dags/restaurante_pipeline.py                           1           0  0.99s           2025-04-05T14:09:54
================================================================================
[2025-04-05T14:10:11.874+0000] {manager.py:755} INFO - Searching for files in /opt/airflow/dags
[2025-04-05T14:10:11.913+0000] {manager.py:758} INFO - There are 1 files in /opt/airflow/dags
[2025-04-05T14:10:36.297+0000] {manager.py:887} INFO - 
================================================================================
DAG File Processing Stats

File Path                                  PID    Runtime      # DAGs    # Errors  Last Runtime    Last Run
-----------------------------------------  -----  ---------  --------  ----------  --------------  -------------------
/opt/airflow/dags/restaurante_pipeline.py                           1           0  0.40s           2025-04-05T14:10:25
================================================================================
[2025-04-05T14:11:06.874+0000] {manager.py:887} INFO - 
================================================================================
DAG File Processing Stats

File Path                                  PID    Runtime      # DAGs    # Errors  Last Runtime    Last Run
-----------------------------------------  -----  ---------  --------  ----------  --------------  -------------------
/opt/airflow/dags/restaurante_pipeline.py                           1           0  0.20s           2025-04-05T14:10:55
================================================================================
[2025-04-05T14:11:37.294+0000] {manager.py:887} INFO - 
================================================================================
DAG File Processing Stats

File Path                                  PID    Runtime      # DAGs    # Errors  Last Runtime    Last Run
-----------------------------------------  -----  ---------  --------  ----------  --------------  -------------------
/opt/airflow/dags/restaurante_pipeline.py                           1           0  0.17s           2025-04-05T14:11:26
================================================================================
[2025-04-05T14:12:07.879+0000] {manager.py:887} INFO - 
================================================================================
DAG File Processing Stats

File Path                                  PID    Runtime      # DAGs    # Errors  Last Runtime    Last Run
-----------------------------------------  -----  ---------  --------  ----------  --------------  -------------------
/opt/airflow/dags/restaurante_pipeline.py                           1           0  0.17s           2025-04-05T14:11:56
================================================================================
[2025-04-05T14:12:38.262+0000] {manager.py:887} INFO - 
================================================================================
DAG File Processing Stats

File Path                                  PID    Runtime      # DAGs    # Errors  Last Runtime    Last Run
-----------------------------------------  -----  ---------  --------  ----------  --------------  -------------------
/opt/airflow/dags/restaurante_pipeline.py                           1           0  0.15s           2025-04-05T14:12:27
================================================================================
[2025-04-05T14:13:08.551+0000] {manager.py:887} INFO - 
================================================================================
DAG File Processing Stats

File Path                                  PID    Runtime      # DAGs    # Errors  Last Runtime    Last Run
-----------------------------------------  -----  ---------  --------  ----------  --------------  -------------------
/opt/airflow/dags/restaurante_pipeline.py                           1           0  0.16s           2025-04-05T14:12:57
================================================================================
[2025-04-05T14:13:39.075+0000] {manager.py:887} INFO - 
================================================================================
DAG File Processing Stats

File Path                                  PID    Runtime      # DAGs    # Errors  Last Runtime    Last Run
-----------------------------------------  -----  ---------  --------  ----------  --------------  -------------------
/opt/airflow/dags/restaurante_pipeline.py                           1           0  0.27s           2025-04-05T14:13:28
================================================================================
[2025-04-05T14:14:09.458+0000] {manager.py:887} INFO - 
================================================================================
DAG File Processing Stats

File Path                                  PID    Runtime      # DAGs    # Errors  Last Runtime    Last Run
-----------------------------------------  -----  ---------  --------  ----------  --------------  -------------------
/opt/airflow/dags/restaurante_pipeline.py                           1           0  0.43s           2025-04-05T14:13:58
================================================================================
[2025-04-05T14:14:39.782+0000] {manager.py:887} INFO - 
================================================================================
DAG File Processing Stats

File Path                                  PID    Runtime      # DAGs    # Errors  Last Runtime    Last Run
-----------------------------------------  -----  ---------  --------  ----------  --------------  -------------------
/opt/airflow/dags/restaurante_pipeline.py                           1           0  0.55s           2025-04-05T14:14:29
================================================================================
[2025-04-05T14:15:10.413+0000] {manager.py:887} INFO - 
================================================================================
DAG File Processing Stats

File Path                                  PID    Runtime      # DAGs    # Errors  Last Runtime    Last Run
-----------------------------------------  -----  ---------  --------  ----------  --------------  -------------------
/opt/airflow/dags/restaurante_pipeline.py                           1           0  0.46s           2025-04-05T14:15:00
================================================================================
[2025-04-05T14:15:12.512+0000] {manager.py:755} INFO - Searching for files in /opt/airflow/dags
[2025-04-05T14:15:12.532+0000] {manager.py:758} INFO - There are 1 files in /opt/airflow/dags
[2025-04-05T14:15:40.865+0000] {manager.py:887} INFO - 
================================================================================
DAG File Processing Stats

File Path                                  PID    Runtime      # DAGs    # Errors  Last Runtime    Last Run
-----------------------------------------  -----  ---------  --------  ----------  --------------  -------------------
/opt/airflow/dags/restaurante_pipeline.py                           1           0  0.17s           2025-04-05T14:15:30
================================================================================
[2025-04-05T14:16:11.371+0000] {manager.py:887} INFO - 
================================================================================
DAG File Processing Stats

File Path                                  PID    Runtime      # DAGs    # Errors  Last Runtime    Last Run
-----------------------------------------  -----  ---------  --------  ----------  --------------  -------------------
/opt/airflow/dags/restaurante_pipeline.py                           1           0  0.18s           2025-04-05T14:16:01
================================================================================
[2025-04-05T14:16:42.378+0000] {manager.py:887} INFO - 
================================================================================
DAG File Processing Stats

File Path                                  PID    Runtime      # DAGs    # Errors  Last Runtime    Last Run
-----------------------------------------  -----  ---------  --------  ----------  --------------  -------------------
/opt/airflow/dags/restaurante_pipeline.py                           1           0  0.30s           2025-04-05T14:16:31
================================================================================
[2025-04-05T14:17:12.723+0000] {manager.py:887} INFO - 
================================================================================
DAG File Processing Stats

File Path                                  PID    Runtime      # DAGs    # Errors  Last Runtime    Last Run
-----------------------------------------  -----  ---------  --------  ----------  --------------  -------------------
/opt/airflow/dags/restaurante_pipeline.py                           1           0  0.20s           2025-04-05T14:17:02
================================================================================
[2025-04-05T14:17:30.848+0000] {manager.py:469} INFO - Exiting gracefully upon receiving signal 15
[2025-04-05T14:21:08.533+0000] {manager.py:487} INFO - Processing files using up to 2 processes at a time 
[2025-04-05T14:21:08.637+0000] {manager.py:488} INFO - Process each file at most once every 30 seconds
[2025-04-05T14:21:08.650+0000] {manager.py:489} INFO - Checking for new files in /opt/airflow/dags every 300 seconds
[2025-04-05T14:21:08.651+0000] {manager.py:755} INFO - Searching for files in /opt/airflow/dags
[2025-04-05T14:21:09.140+0000] {manager.py:758} INFO - There are 1 files in /opt/airflow/dags
[2025-04-05T14:21:12.025+0000] {manager.py:887} INFO - 
================================================================================
DAG File Processing Stats

File Path                                    PID  Runtime      # DAGs    # Errors  Last Runtime    Last Run
-----------------------------------------  -----  ---------  --------  ----------  --------------  ----------
/opt/airflow/dags/restaurante_pipeline.py     29  1.79s             0           0
================================================================================
[2025-04-05T14:21:42.441+0000] {manager.py:887} INFO - 
================================================================================
DAG File Processing Stats

File Path                                  PID    Runtime      # DAGs    # Errors  Last Runtime    Last Run
-----------------------------------------  -----  ---------  --------  ----------  --------------  -------------------
/opt/airflow/dags/restaurante_pipeline.py                           1           0  4.60s           2025-04-05T14:21:14
================================================================================
[2025-04-05T14:22:13.133+0000] {manager.py:887} INFO - 
================================================================================
DAG File Processing Stats

File Path                                  PID    Runtime      # DAGs    # Errors  Last Runtime    Last Run
-----------------------------------------  -----  ---------  --------  ----------  --------------  -------------------
/opt/airflow/dags/restaurante_pipeline.py                           1           0  2.69s           2025-04-05T14:21:48
================================================================================
[2025-04-05T14:22:43.156+0000] {manager.py:887} INFO - 
================================================================================
DAG File Processing Stats

File Path                                  PID    Runtime      # DAGs    # Errors  Last Runtime    Last Run
-----------------------------------------  -----  ---------  --------  ----------  --------------  -------------------
/opt/airflow/dags/restaurante_pipeline.py                           1           0  0.41s           2025-04-05T14:22:18
================================================================================
[2025-04-05T14:23:13.530+0000] {manager.py:887} INFO - 
================================================================================
DAG File Processing Stats

File Path                                  PID    Runtime      # DAGs    # Errors  Last Runtime    Last Run
-----------------------------------------  -----  ---------  --------  ----------  --------------  -------------------
/opt/airflow/dags/restaurante_pipeline.py                           1           0  0.34s           2025-04-05T14:22:49
================================================================================
[2025-04-05T14:23:43.983+0000] {manager.py:887} INFO - 
================================================================================
DAG File Processing Stats

File Path                                  PID    Runtime      # DAGs    # Errors  Last Runtime    Last Run
-----------------------------------------  -----  ---------  --------  ----------  --------------  -------------------
/opt/airflow/dags/restaurante_pipeline.py                           1           0  0.18s           2025-04-05T14:23:19
================================================================================
[2025-04-05T14:24:14.521+0000] {manager.py:887} INFO - 
================================================================================
DAG File Processing Stats

File Path                                  PID    Runtime      # DAGs    # Errors  Last Runtime    Last Run
-----------------------------------------  -----  ---------  --------  ----------  --------------  -------------------
/opt/airflow/dags/restaurante_pipeline.py                           1           0  0.23s           2025-04-05T14:23:50
================================================================================
[2025-04-05T14:24:45.166+0000] {manager.py:887} INFO - 
================================================================================
DAG File Processing Stats

File Path                                  PID    Runtime      # DAGs    # Errors  Last Runtime    Last Run
-----------------------------------------  -----  ---------  --------  ----------  --------------  -------------------
/opt/airflow/dags/restaurante_pipeline.py                           1           0  0.32s           2025-04-05T14:24:21
================================================================================
[2025-04-05T14:25:15.625+0000] {manager.py:887} INFO - 
================================================================================
DAG File Processing Stats

File Path                                  PID    Runtime      # DAGs    # Errors  Last Runtime    Last Run
-----------------------------------------  -----  ---------  --------  ----------  --------------  -------------------
/opt/airflow/dags/restaurante_pipeline.py                           1           0  0.36s           2025-04-05T14:24:51
================================================================================
[2025-04-05T14:25:46.169+0000] {manager.py:887} INFO - 
================================================================================
DAG File Processing Stats

File Path                                  PID    Runtime      # DAGs    # Errors  Last Runtime    Last Run
-----------------------------------------  -----  ---------  --------  ----------  --------------  -------------------
/opt/airflow/dags/restaurante_pipeline.py                           1           0  0.91s           2025-04-05T14:25:22
================================================================================
[2025-04-05T14:26:08.669+0000] {manager.py:755} INFO - Searching for files in /opt/airflow/dags
[2025-04-05T14:26:08.702+0000] {manager.py:758} INFO - There are 1 files in /opt/airflow/dags
[2025-04-05T14:26:16.382+0000] {manager.py:887} INFO - 
================================================================================
DAG File Processing Stats

File Path                                  PID    Runtime      # DAGs    # Errors  Last Runtime    Last Run
-----------------------------------------  -----  ---------  --------  ----------  --------------  -------------------
/opt/airflow/dags/restaurante_pipeline.py                           1           0  0.76s           2025-04-05T14:25:54
================================================================================
[2025-04-05T14:26:46.884+0000] {manager.py:887} INFO - 
================================================================================
DAG File Processing Stats

File Path                                  PID    Runtime      # DAGs    # Errors  Last Runtime    Last Run
-----------------------------------------  -----  ---------  --------  ----------  --------------  -------------------
/opt/airflow/dags/restaurante_pipeline.py                           1           0  0.22s           2025-04-05T14:26:24
================================================================================
[2025-04-05T14:27:17.202+0000] {manager.py:887} INFO - 
================================================================================
DAG File Processing Stats

File Path                                  PID    Runtime      # DAGs    # Errors  Last Runtime    Last Run
-----------------------------------------  -----  ---------  --------  ----------  --------------  -------------------
/opt/airflow/dags/restaurante_pipeline.py                           1           0  0.17s           2025-04-05T14:26:55
================================================================================
[2025-04-05T14:27:47.629+0000] {manager.py:887} INFO - 
================================================================================
DAG File Processing Stats

File Path                                  PID    Runtime      # DAGs    # Errors  Last Runtime    Last Run
-----------------------------------------  -----  ---------  --------  ----------  --------------  -------------------
/opt/airflow/dags/restaurante_pipeline.py                           1           0  0.30s           2025-04-05T14:27:25
================================================================================
[2025-04-05T14:28:18.084+0000] {manager.py:887} INFO - 
================================================================================
DAG File Processing Stats

File Path                                  PID    Runtime      # DAGs    # Errors  Last Runtime    Last Run
-----------------------------------------  -----  ---------  --------  ----------  --------------  -------------------
/opt/airflow/dags/restaurante_pipeline.py                           1           0  0.33s           2025-04-05T14:27:56
================================================================================
[2025-04-05T14:28:48.695+0000] {manager.py:887} INFO - 
================================================================================
DAG File Processing Stats

File Path                                  PID    Runtime      # DAGs    # Errors  Last Runtime    Last Run
-----------------------------------------  -----  ---------  --------  ----------  --------------  -------------------
/opt/airflow/dags/restaurante_pipeline.py                           1           0  0.26s           2025-04-05T14:28:26
================================================================================
[2025-04-05T14:29:19.103+0000] {manager.py:887} INFO - 
================================================================================
DAG File Processing Stats

File Path                                  PID    Runtime      # DAGs    # Errors  Last Runtime    Last Run
-----------------------------------------  -----  ---------  --------  ----------  --------------  -------------------
/opt/airflow/dags/restaurante_pipeline.py                           1           0  0.35s           2025-04-05T14:28:57
================================================================================
[2025-04-05T14:29:49.437+0000] {manager.py:887} INFO - 
================================================================================
DAG File Processing Stats

File Path                                  PID    Runtime      # DAGs    # Errors  Last Runtime    Last Run
-----------------------------------------  -----  ---------  --------  ----------  --------------  -------------------
/opt/airflow/dags/restaurante_pipeline.py                           1           0  0.18s           2025-04-05T14:29:27
================================================================================
[2025-04-05T14:30:19.842+0000] {manager.py:887} INFO - 
================================================================================
DAG File Processing Stats

File Path                                  PID    Runtime      # DAGs    # Errors  Last Runtime    Last Run
-----------------------------------------  -----  ---------  --------  ----------  --------------  -------------------
/opt/airflow/dags/restaurante_pipeline.py                           1           0  0.23s           2025-04-05T14:29:57
================================================================================
[2025-04-05T14:30:50.437+0000] {manager.py:887} INFO - 
================================================================================
DAG File Processing Stats

File Path                                  PID    Runtime      # DAGs    # Errors  Last Runtime    Last Run
-----------------------------------------  -----  ---------  --------  ----------  --------------  -------------------
/opt/airflow/dags/restaurante_pipeline.py                           1           0  0.28s           2025-04-05T14:30:28
================================================================================
[2025-04-05T14:31:08.731+0000] {manager.py:755} INFO - Searching for files in /opt/airflow/dags
[2025-04-05T14:31:08.740+0000] {manager.py:758} INFO - There are 1 files in /opt/airflow/dags
[2025-04-05T14:31:20.552+0000] {manager.py:887} INFO - 
================================================================================
DAG File Processing Stats

File Path                                  PID    Runtime      # DAGs    # Errors  Last Runtime    Last Run
-----------------------------------------  -----  ---------  --------  ----------  --------------  -------------------
/opt/airflow/dags/restaurante_pipeline.py                           1           0  0.20s           2025-04-05T14:30:58
================================================================================
[2025-04-05T14:31:51.043+0000] {manager.py:887} INFO - 
================================================================================
DAG File Processing Stats

File Path                                  PID    Runtime      # DAGs    # Errors  Last Runtime    Last Run
-----------------------------------------  -----  ---------  --------  ----------  --------------  -------------------
/opt/airflow/dags/restaurante_pipeline.py                           1           0  0.26s           2025-04-05T14:31:29
================================================================================
[2025-04-05T14:32:21.545+0000] {manager.py:887} INFO - 
================================================================================
DAG File Processing Stats

File Path                                  PID    Runtime      # DAGs    # Errors  Last Runtime    Last Run
-----------------------------------------  -----  ---------  --------  ----------  --------------  -------------------
/opt/airflow/dags/restaurante_pipeline.py                           1           0  0.20s           2025-04-05T14:32:00
================================================================================
[2025-04-05T14:32:51.970+0000] {manager.py:887} INFO - 
================================================================================
DAG File Processing Stats

File Path                                  PID    Runtime      # DAGs    # Errors  Last Runtime    Last Run
-----------------------------------------  -----  ---------  --------  ----------  --------------  -------------------
/opt/airflow/dags/restaurante_pipeline.py                           1           0  0.29s           2025-04-05T14:32:31
================================================================================
[2025-04-05T14:33:22.592+0000] {manager.py:887} INFO - 
================================================================================
DAG File Processing Stats

File Path                                  PID    Runtime      # DAGs    # Errors  Last Runtime    Last Run
-----------------------------------------  -----  ---------  --------  ----------  --------------  -------------------
/opt/airflow/dags/restaurante_pipeline.py                           1           0  0.39s           2025-04-05T14:33:01
================================================================================
[2025-04-05T14:33:52.946+0000] {manager.py:887} INFO - 
================================================================================
DAG File Processing Stats

File Path                                  PID    Runtime      # DAGs    # Errors  Last Runtime    Last Run
-----------------------------------------  -----  ---------  --------  ----------  --------------  -------------------
/opt/airflow/dags/restaurante_pipeline.py                           1           0  0.24s           2025-04-05T14:33:31
================================================================================
[2025-04-05T14:34:23.497+0000] {manager.py:887} INFO - 
================================================================================
DAG File Processing Stats

File Path                                  PID    Runtime      # DAGs    # Errors  Last Runtime    Last Run
-----------------------------------------  -----  ---------  --------  ----------  --------------  -------------------
/opt/airflow/dags/restaurante_pipeline.py                           1           0  0.38s           2025-04-05T14:34:02
================================================================================
[2025-04-05T14:34:54.008+0000] {manager.py:887} INFO - 
================================================================================
DAG File Processing Stats

File Path                                  PID    Runtime      # DAGs    # Errors  Last Runtime    Last Run
-----------------------------------------  -----  ---------  --------  ----------  --------------  -------------------
/opt/airflow/dags/restaurante_pipeline.py                           1           0  0.29s           2025-04-05T14:34:32
================================================================================
[2025-04-05T14:35:24.058+0000] {manager.py:887} INFO - 
================================================================================
DAG File Processing Stats

File Path                                  PID    Runtime      # DAGs    # Errors  Last Runtime    Last Run
-----------------------------------------  -----  ---------  --------  ----------  --------------  -------------------
/opt/airflow/dags/restaurante_pipeline.py                           1           0  0.44s           2025-04-05T14:35:03
================================================================================
[2025-04-05T14:35:54.430+0000] {manager.py:887} INFO - 
================================================================================
DAG File Processing Stats

File Path                                  PID    Runtime      # DAGs    # Errors  Last Runtime    Last Run
-----------------------------------------  -----  ---------  --------  ----------  --------------  -------------------
/opt/airflow/dags/restaurante_pipeline.py                           1           0  0.24s           2025-04-05T14:35:34
================================================================================
[2025-04-05T14:36:08.749+0000] {manager.py:755} INFO - Searching for files in /opt/airflow/dags
[2025-04-05T14:36:08.762+0000] {manager.py:758} INFO - There are 1 files in /opt/airflow/dags
[2025-04-05T14:36:24.972+0000] {manager.py:887} INFO - 
================================================================================
DAG File Processing Stats

File Path                                  PID    Runtime      # DAGs    # Errors  Last Runtime    Last Run
-----------------------------------------  -----  ---------  --------  ----------  --------------  -------------------
/opt/airflow/dags/restaurante_pipeline.py                           1           0  0.24s           2025-04-05T14:36:04
================================================================================
[2025-04-05T14:36:55.294+0000] {manager.py:887} INFO - 
================================================================================
DAG File Processing Stats

File Path                                  PID    Runtime      # DAGs    # Errors  Last Runtime    Last Run
-----------------------------------------  -----  ---------  --------  ----------  --------------  -------------------
/opt/airflow/dags/restaurante_pipeline.py                           1           0  0.19s           2025-04-05T14:36:35
================================================================================
[2025-04-05T14:37:25.755+0000] {manager.py:887} INFO - 
================================================================================
DAG File Processing Stats

File Path                                  PID    Runtime      # DAGs    # Errors  Last Runtime    Last Run
-----------------------------------------  -----  ---------  --------  ----------  --------------  -------------------
/opt/airflow/dags/restaurante_pipeline.py                           1           0  0.18s           2025-04-05T14:37:05
================================================================================
[2025-04-05T14:37:55.818+0000] {manager.py:887} INFO - 
================================================================================
DAG File Processing Stats

File Path                                  PID    Runtime      # DAGs    # Errors  Last Runtime    Last Run
-----------------------------------------  -----  ---------  --------  ----------  --------------  -------------------
/opt/airflow/dags/restaurante_pipeline.py                           1           0  0.66s           2025-04-05T14:37:36
================================================================================
[2025-04-05T14:38:26.182+0000] {manager.py:887} INFO - 
================================================================================
DAG File Processing Stats

File Path                                  PID    Runtime      # DAGs    # Errors  Last Runtime    Last Run
-----------------------------------------  -----  ---------  --------  ----------  --------------  -------------------
/opt/airflow/dags/restaurante_pipeline.py                           1           0  0.38s           2025-04-05T14:38:07
================================================================================
[2025-04-05T14:38:56.628+0000] {manager.py:887} INFO - 
================================================================================
DAG File Processing Stats

File Path                                  PID    Runtime      # DAGs    # Errors  Last Runtime    Last Run
-----------------------------------------  -----  ---------  --------  ----------  --------------  -------------------
/opt/airflow/dags/restaurante_pipeline.py                           1           0  0.69s           2025-04-05T14:38:38
================================================================================
[2025-04-05T14:39:27.149+0000] {manager.py:887} INFO - 
================================================================================
DAG File Processing Stats

File Path                                  PID    Runtime      # DAGs    # Errors  Last Runtime    Last Run
-----------------------------------------  -----  ---------  --------  ----------  --------------  -------------------
/opt/airflow/dags/restaurante_pipeline.py                           1           0  0.17s           2025-04-05T14:39:09
================================================================================
[2025-04-05T14:39:57.529+0000] {manager.py:887} INFO - 
================================================================================
DAG File Processing Stats

File Path                                  PID    Runtime      # DAGs    # Errors  Last Runtime    Last Run
-----------------------------------------  -----  ---------  --------  ----------  --------------  -------------------
/opt/airflow/dags/restaurante_pipeline.py                           1           0  0.33s           2025-04-05T14:39:39
================================================================================
[2025-04-05T14:40:27.589+0000] {manager.py:887} INFO - 
================================================================================
DAG File Processing Stats

File Path                                  PID    Runtime      # DAGs    # Errors  Last Runtime    Last Run
-----------------------------------------  -----  ---------  --------  ----------  --------------  -------------------
/opt/airflow/dags/restaurante_pipeline.py                           1           0  0.63s           2025-04-05T14:40:10
================================================================================
[2025-04-05T14:40:57.857+0000] {manager.py:887} INFO - 
================================================================================
DAG File Processing Stats

File Path                                  PID    Runtime      # DAGs    # Errors  Last Runtime    Last Run
-----------------------------------------  -----  ---------  --------  ----------  --------------  -------------------
/opt/airflow/dags/restaurante_pipeline.py                           1           0  0.25s           2025-04-05T14:40:40
================================================================================
[2025-04-05T14:41:08.975+0000] {manager.py:755} INFO - Searching for files in /opt/airflow/dags
[2025-04-05T14:41:08.992+0000] {manager.py:758} INFO - There are 1 files in /opt/airflow/dags
[2025-04-05T14:41:28.336+0000] {manager.py:887} INFO - 
================================================================================
DAG File Processing Stats

File Path                                  PID    Runtime      # DAGs    # Errors  Last Runtime    Last Run
-----------------------------------------  -----  ---------  --------  ----------  --------------  -------------------
/opt/airflow/dags/restaurante_pipeline.py                           1           0  0.30s           2025-04-05T14:41:11
================================================================================
[2025-04-05T14:41:58.827+0000] {manager.py:887} INFO - 
================================================================================
DAG File Processing Stats

File Path                                  PID    Runtime      # DAGs    # Errors  Last Runtime    Last Run
-----------------------------------------  -----  ---------  --------  ----------  --------------  -------------------
/opt/airflow/dags/restaurante_pipeline.py                           1           0  0.28s           2025-04-05T14:41:41
================================================================================
[2025-04-05T14:42:29.309+0000] {manager.py:887} INFO - 
================================================================================
DAG File Processing Stats

File Path                                  PID    Runtime      # DAGs    # Errors  Last Runtime    Last Run
-----------------------------------------  -----  ---------  --------  ----------  --------------  -------------------
/opt/airflow/dags/restaurante_pipeline.py                           1           0  0.22s           2025-04-05T14:42:12
================================================================================
[2025-04-05T14:42:59.640+0000] {manager.py:887} INFO - 
================================================================================
DAG File Processing Stats

File Path                                  PID    Runtime      # DAGs    # Errors  Last Runtime    Last Run
-----------------------------------------  -----  ---------  --------  ----------  --------------  -------------------
/opt/airflow/dags/restaurante_pipeline.py                           1           0  0.70s           2025-04-05T14:42:43
================================================================================
[2025-04-05T14:43:29.767+0000] {manager.py:887} INFO - 
================================================================================
DAG File Processing Stats

File Path                                  PID    Runtime      # DAGs    # Errors  Last Runtime    Last Run
-----------------------------------------  -----  ---------  --------  ----------  --------------  -------------------
/opt/airflow/dags/restaurante_pipeline.py                           1           0  0.18s           2025-04-05T14:43:13
================================================================================
[2025-04-05T14:44:00.095+0000] {manager.py:887} INFO - 
================================================================================
DAG File Processing Stats

File Path                                  PID    Runtime      # DAGs    # Errors  Last Runtime    Last Run
-----------------------------------------  -----  ---------  --------  ----------  --------------  -------------------
/opt/airflow/dags/restaurante_pipeline.py                           1           0  0.30s           2025-04-05T14:43:44
================================================================================
[2025-04-05T14:44:30.564+0000] {manager.py:887} INFO - 
================================================================================
DAG File Processing Stats

File Path                                  PID    Runtime      # DAGs    # Errors  Last Runtime    Last Run
-----------------------------------------  -----  ---------  --------  ----------  --------------  -------------------
/opt/airflow/dags/restaurante_pipeline.py                           1           0  0.21s           2025-04-05T14:44:14
================================================================================
[2025-04-05T14:45:00.980+0000] {manager.py:887} INFO - 
================================================================================
DAG File Processing Stats

File Path                                  PID    Runtime      # DAGs    # Errors  Last Runtime    Last Run
-----------------------------------------  -----  ---------  --------  ----------  --------------  -------------------
/opt/airflow/dags/restaurante_pipeline.py                           1           0  0.39s           2025-04-05T14:44:45
================================================================================
[2025-04-05T14:45:31.301+0000] {manager.py:887} INFO - 
================================================================================
DAG File Processing Stats

File Path                                  PID    Runtime      # DAGs    # Errors  Last Runtime    Last Run
-----------------------------------------  -----  ---------  --------  ----------  --------------  -------------------
/opt/airflow/dags/restaurante_pipeline.py                           1           0  0.21s           2025-04-05T14:45:15
================================================================================
[2025-04-05T14:46:01.603+0000] {manager.py:887} INFO - 
================================================================================
DAG File Processing Stats

File Path                                  PID    Runtime      # DAGs    # Errors  Last Runtime    Last Run
-----------------------------------------  -----  ---------  --------  ----------  --------------  -------------------
/opt/airflow/dags/restaurante_pipeline.py                           1           0  0.26s           2025-04-05T14:45:45
================================================================================
[2025-04-05T14:46:08.982+0000] {manager.py:755} INFO - Searching for files in /opt/airflow/dags
[2025-04-05T14:46:09.046+0000] {manager.py:758} INFO - There are 1 files in /opt/airflow/dags
[2025-04-05T14:46:31.941+0000] {manager.py:887} INFO - 
================================================================================
DAG File Processing Stats

File Path                                  PID    Runtime      # DAGs    # Errors  Last Runtime    Last Run
-----------------------------------------  -----  ---------  --------  ----------  --------------  -------------------
/opt/airflow/dags/restaurante_pipeline.py                           1           0  0.19s           2025-04-05T14:46:15
================================================================================
[2025-04-05T14:47:02.410+0000] {manager.py:887} INFO - 
================================================================================
DAG File Processing Stats

File Path                                  PID    Runtime      # DAGs    # Errors  Last Runtime    Last Run
-----------------------------------------  -----  ---------  --------  ----------  --------------  -------------------
/opt/airflow/dags/restaurante_pipeline.py                           1           0  0.20s           2025-04-05T14:46:46
================================================================================
[2025-04-05T14:47:14.994+0000] {manager.py:469} INFO - Exiting gracefully upon receiving signal 15
