[2025-04-06T10:29:15.962+0000] {manager.py:487} INFO - Processing files using up to 2 processes at a time 
[2025-04-06T10:29:15.963+0000] {manager.py:488} INFO - Process each file at most once every 30 seconds
[2025-04-06T10:29:15.969+0000] {manager.py:489} INFO - Checking for new files in /opt/airflow/dags every 300 seconds
[2025-04-06T10:29:15.970+0000] {manager.py:755} INFO - Searching for files in /opt/airflow/dags
[2025-04-06T10:29:16.003+0000] {manager.py:758} INFO - There are 1 files in /opt/airflow/dags
[2025-04-06T10:29:16.628+0000] {manager.py:887} INFO - 
================================================================================
DAG File Processing Stats

File Path                               PID  Runtime      # DAGs    # Errors  Last Runtime    Last Run
------------------------------------  -----  ---------  --------  ----------  --------------  ----------
/opt/airflow/dags/orchestator_dag.py     30  0.37s             0           0
================================================================================
[2025-04-06T10:29:47.133+0000] {manager.py:887} INFO - 
================================================================================
DAG File Processing Stats

File Path                             PID    Runtime      # DAGs    # Errors  Last Runtime    Last Run
------------------------------------  -----  ---------  --------  ----------  --------------  -------------------
/opt/airflow/dags/orchestator_dag.py                           0           1  2.60s           2025-04-06T10:29:18
================================================================================
[2025-04-06T10:30:17.710+0000] {manager.py:887} INFO - 
================================================================================
DAG File Processing Stats

File Path                             PID    Runtime      # DAGs    # Errors  Last Runtime    Last Run
------------------------------------  -----  ---------  --------  ----------  --------------  -------------------
/opt/airflow/dags/orchestator_dag.py                           0           1  0.57s           2025-04-06T10:29:49
================================================================================
[2025-04-06T10:30:48.365+0000] {manager.py:887} INFO - 
================================================================================
DAG File Processing Stats

File Path                             PID    Runtime      # DAGs    # Errors  Last Runtime    Last Run
------------------------------------  -----  ---------  --------  ----------  --------------  -------------------
/opt/airflow/dags/orchestator_dag.py                           0           1  0.28s           2025-04-06T10:30:20
================================================================================
[2025-04-06T10:31:18.936+0000] {manager.py:887} INFO - 
================================================================================
DAG File Processing Stats

File Path                             PID    Runtime      # DAGs    # Errors  Last Runtime    Last Run
------------------------------------  -----  ---------  --------  ----------  --------------  -------------------
/opt/airflow/dags/orchestator_dag.py                           0           1  0.27s           2025-04-06T10:30:50
================================================================================
[2025-04-06T10:31:49.932+0000] {manager.py:887} INFO - 
================================================================================
DAG File Processing Stats

File Path                             PID    Runtime      # DAGs    # Errors  Last Runtime    Last Run
------------------------------------  -----  ---------  --------  ----------  --------------  -------------------
/opt/airflow/dags/orchestator_dag.py                           0           1  1.16s           2025-04-06T10:31:22
================================================================================
[2025-04-06T10:32:20.102+0000] {manager.py:887} INFO - 
================================================================================
DAG File Processing Stats

File Path                             PID    Runtime      # DAGs    # Errors  Last Runtime    Last Run
------------------------------------  -----  ---------  --------  ----------  --------------  -------------------
/opt/airflow/dags/orchestator_dag.py                           0           1  0.67s           2025-04-06T10:31:53
================================================================================
[2025-04-06T10:32:50.478+0000] {manager.py:887} INFO - 
================================================================================
DAG File Processing Stats

File Path                             PID    Runtime      # DAGs    # Errors  Last Runtime    Last Run
------------------------------------  -----  ---------  --------  ----------  --------------  -------------------
/opt/airflow/dags/orchestator_dag.py                           0           1  0.39s           2025-04-06T10:32:24
================================================================================
[2025-04-06T10:33:21.016+0000] {manager.py:887} INFO - 
================================================================================
DAG File Processing Stats

File Path                             PID    Runtime      # DAGs    # Errors  Last Runtime    Last Run
------------------------------------  -----  ---------  --------  ----------  --------------  -------------------
/opt/airflow/dags/orchestator_dag.py                           0           1  0.72s           2025-04-06T10:32:55
================================================================================
[2025-04-06T10:33:51.684+0000] {manager.py:887} INFO - 
================================================================================
DAG File Processing Stats

File Path                             PID    Runtime      # DAGs    # Errors  Last Runtime    Last Run
------------------------------------  -----  ---------  --------  ----------  --------------  -------------------
/opt/airflow/dags/orchestator_dag.py                           0           1  0.59s           2025-04-06T10:33:26
================================================================================
[2025-04-06T10:34:16.426+0000] {manager.py:755} INFO - Searching for files in /opt/airflow/dags
[2025-04-06T10:34:16.493+0000] {manager.py:758} INFO - There are 1 files in /opt/airflow/dags
[2025-04-06T10:34:22.750+0000] {manager.py:887} INFO - 
================================================================================
DAG File Processing Stats

File Path                             PID    Runtime      # DAGs    # Errors  Last Runtime    Last Run
------------------------------------  -----  ---------  --------  ----------  --------------  -------------------
/opt/airflow/dags/orchestator_dag.py                           0           1  1.47s           2025-04-06T10:33:58
================================================================================
[2025-04-06T10:34:53.066+0000] {manager.py:887} INFO - 
================================================================================
DAG File Processing Stats

File Path                             PID    Runtime      # DAGs    # Errors  Last Runtime    Last Run
------------------------------------  -----  ---------  --------  ----------  --------------  -------------------
/opt/airflow/dags/orchestator_dag.py                           0           1  0.29s           2025-04-06T10:34:29
================================================================================
[2025-04-06T10:35:23.758+0000] {manager.py:887} INFO - 
================================================================================
DAG File Processing Stats

File Path                             PID    Runtime      # DAGs    # Errors  Last Runtime    Last Run
------------------------------------  -----  ---------  --------  ----------  --------------  -------------------
/opt/airflow/dags/orchestator_dag.py                           0           1  0.38s           2025-04-06T10:34:59
================================================================================
[2025-04-06T10:35:53.852+0000] {manager.py:887} INFO - 
================================================================================
DAG File Processing Stats

File Path                             PID    Runtime      # DAGs    # Errors  Last Runtime    Last Run
------------------------------------  -----  ---------  --------  ----------  --------------  -------------------
/opt/airflow/dags/orchestator_dag.py                           0           1  0.71s           2025-04-06T10:35:30
================================================================================
[2025-04-06T10:36:24.146+0000] {manager.py:887} INFO - 
================================================================================
DAG File Processing Stats

File Path                             PID    Runtime      # DAGs    # Errors  Last Runtime    Last Run
------------------------------------  -----  ---------  --------  ----------  --------------  -------------------
/opt/airflow/dags/orchestator_dag.py                           0           1  0.29s           2025-04-06T10:36:01
================================================================================
[2025-04-06T10:36:54.164+0000] {manager.py:887} INFO - 
================================================================================
DAG File Processing Stats

File Path                             PID    Runtime      # DAGs    # Errors  Last Runtime    Last Run
------------------------------------  -----  ---------  --------  ----------  --------------  -------------------
/opt/airflow/dags/orchestator_dag.py                           0           1  0.65s           2025-04-06T10:36:31
================================================================================
[2025-04-06T10:37:24.569+0000] {manager.py:887} INFO - 
================================================================================
DAG File Processing Stats

File Path                             PID    Runtime      # DAGs    # Errors  Last Runtime    Last Run
------------------------------------  -----  ---------  --------  ----------  --------------  -------------------
/opt/airflow/dags/orchestator_dag.py                           0           1  14.35s          2025-04-06T10:37:16
================================================================================
[2025-04-06T10:37:54.846+0000] {manager.py:887} INFO - 
================================================================================
DAG File Processing Stats

File Path                             PID    Runtime      # DAGs    # Errors  Last Runtime    Last Run
------------------------------------  -----  ---------  --------  ----------  --------------  -------------------
/opt/airflow/dags/orchestator_dag.py                           0           1  1.12s           2025-04-06T10:37:47
================================================================================
[2025-04-06T10:38:25.193+0000] {manager.py:887} INFO - 
================================================================================
DAG File Processing Stats

File Path                               PID  Runtime      # DAGs    # Errors  Last Runtime    Last Run
------------------------------------  -----  ---------  --------  ----------  --------------  -------------------
/opt/airflow/dags/orchestator_dag.py     49  6.60s             0           1  1.12s           2025-04-06T10:37:47
================================================================================
[2025-04-06T10:38:28.059+0000] {manager.py:469} INFO - Exiting gracefully upon receiving signal 15
[2025-04-06T10:38:28.064+0000] {manager.py:469} INFO - Exiting gracefully upon receiving signal 15
[2025-04-06T10:38:30.669+0000] {manager.py:469} INFO - Exiting gracefully upon receiving signal 15
[2025-04-06T10:43:04.530+0000] {manager.py:487} INFO - Processing files using up to 2 processes at a time 
[2025-04-06T10:43:04.539+0000] {manager.py:488} INFO - Process each file at most once every 30 seconds
[2025-04-06T10:43:04.545+0000] {manager.py:489} INFO - Checking for new files in /opt/airflow/dags every 300 seconds
[2025-04-06T10:43:04.547+0000] {manager.py:755} INFO - Searching for files in /opt/airflow/dags
[2025-04-06T10:43:04.581+0000] {manager.py:758} INFO - There are 1 files in /opt/airflow/dags
[2025-04-06T10:43:05.437+0000] {manager.py:887} INFO - 
================================================================================
DAG File Processing Stats

File Path                               PID  Runtime      # DAGs    # Errors  Last Runtime    Last Run
------------------------------------  -----  ---------  --------  ----------  --------------  ----------
/opt/airflow/dags/orchestator_dag.py     29  0.51s             0           0
================================================================================
[2025-04-06T10:43:35.824+0000] {manager.py:887} INFO - 
================================================================================
DAG File Processing Stats

File Path                             PID    Runtime      # DAGs    # Errors  Last Runtime    Last Run
------------------------------------  -----  ---------  --------  ----------  --------------  -------------------
/opt/airflow/dags/orchestator_dag.py                           0           1  12.73s          2025-04-06T10:43:17
================================================================================
[2025-04-06T10:43:42.600+0000] {manager.py:469} INFO - Exiting gracefully upon receiving signal 15
[2025-04-06T10:49:24.464+0000] {manager.py:487} INFO - Processing files using up to 2 processes at a time 
[2025-04-06T10:49:24.516+0000] {manager.py:488} INFO - Process each file at most once every 30 seconds
[2025-04-06T10:49:24.517+0000] {manager.py:489} INFO - Checking for new files in /opt/airflow/dags every 300 seconds
[2025-04-06T10:49:24.520+0000] {manager.py:755} INFO - Searching for files in /opt/airflow/dags
[2025-04-06T10:49:24.557+0000] {manager.py:758} INFO - There are 1 files in /opt/airflow/dags
[2025-04-06T10:49:24.866+0000] {manager.py:887} INFO - 
================================================================================
DAG File Processing Stats

File Path                               PID  Runtime      # DAGs    # Errors  Last Runtime    Last Run
------------------------------------  -----  ---------  --------  ----------  --------------  ----------
/opt/airflow/dags/orchestator_dag.py     29  0.16s             0           0
================================================================================
[2025-04-06T10:49:55.211+0000] {manager.py:887} INFO - 
================================================================================
DAG File Processing Stats

File Path                             PID    Runtime      # DAGs    # Errors  Last Runtime    Last Run
------------------------------------  -----  ---------  --------  ----------  --------------  -------------------
/opt/airflow/dags/orchestator_dag.py                           0           1  6.70s           2025-04-06T10:49:31
================================================================================
[2025-04-06T10:50:25.726+0000] {manager.py:887} INFO - 
================================================================================
DAG File Processing Stats

File Path                             PID    Runtime      # DAGs    # Errors  Last Runtime    Last Run
------------------------------------  -----  ---------  --------  ----------  --------------  -------------------
/opt/airflow/dags/orchestator_dag.py                           0           1  3.76s           2025-04-06T10:50:05
================================================================================
[2025-04-06T10:50:56.046+0000] {manager.py:887} INFO - 
================================================================================
DAG File Processing Stats

File Path                             PID    Runtime      # DAGs    # Errors  Last Runtime    Last Run
------------------------------------  -----  ---------  --------  ----------  --------------  -------------------
/opt/airflow/dags/orchestator_dag.py                           0           1  1.91s           2025-04-06T10:50:37
================================================================================
[2025-04-06T10:51:26.307+0000] {manager.py:887} INFO - 
================================================================================
DAG File Processing Stats

File Path                             PID    Runtime      # DAGs    # Errors  Last Runtime    Last Run
------------------------------------  -----  ---------  --------  ----------  --------------  -------------------
/opt/airflow/dags/orchestator_dag.py                           0           1  1.02s           2025-04-06T10:51:09
================================================================================
[2025-04-06T10:51:56.345+0000] {manager.py:887} INFO - 
================================================================================
DAG File Processing Stats

File Path                             PID    Runtime      # DAGs    # Errors  Last Runtime    Last Run
------------------------------------  -----  ---------  --------  ----------  --------------  -------------------
/opt/airflow/dags/orchestator_dag.py                           0           1  1.79s           2025-04-06T10:51:41
================================================================================
[2025-04-06T10:52:26.849+0000] {manager.py:887} INFO - 
================================================================================
DAG File Processing Stats

File Path                             PID    Runtime      # DAGs    # Errors  Last Runtime    Last Run
------------------------------------  -----  ---------  --------  ----------  --------------  -------------------
/opt/airflow/dags/orchestator_dag.py                           0           1  1.17s           2025-04-06T10:52:12
================================================================================
[2025-04-06T10:52:57.022+0000] {manager.py:887} INFO - 
================================================================================
DAG File Processing Stats

File Path                             PID    Runtime      # DAGs    # Errors  Last Runtime    Last Run
------------------------------------  -----  ---------  --------  ----------  --------------  -------------------
/opt/airflow/dags/orchestator_dag.py                           0           1  3.63s           2025-04-06T10:52:46
================================================================================
[2025-04-06T10:53:27.264+0000] {manager.py:887} INFO - 
================================================================================
DAG File Processing Stats

File Path                             PID    Runtime      # DAGs    # Errors  Last Runtime    Last Run
------------------------------------  -----  ---------  --------  ----------  --------------  -------------------
/opt/airflow/dags/orchestator_dag.py                           0           1  4.17s           2025-04-06T10:53:21
================================================================================
[2025-04-06T10:53:57.947+0000] {manager.py:887} INFO - 
================================================================================
DAG File Processing Stats

File Path                             PID    Runtime      # DAGs    # Errors  Last Runtime    Last Run
------------------------------------  -----  ---------  --------  ----------  --------------  -------------------
/opt/airflow/dags/orchestator_dag.py                           0           1  2.08s           2025-04-06T10:53:53
================================================================================
[2025-04-06T10:54:24.956+0000] {manager.py:755} INFO - Searching for files in /opt/airflow/dags
[2025-04-06T10:54:25.019+0000] {manager.py:758} INFO - There are 1 files in /opt/airflow/dags
[2025-04-06T10:54:28.080+0000] {manager.py:887} INFO - 
================================================================================
DAG File Processing Stats

File Path                             PID    Runtime      # DAGs    # Errors  Last Runtime    Last Run
------------------------------------  -----  ---------  --------  ----------  --------------  -------------------
/opt/airflow/dags/orchestator_dag.py                           0           1  4.24s           2025-04-06T10:54:28
================================================================================
[2025-04-06T10:54:58.320+0000] {manager.py:887} INFO - 
================================================================================
DAG File Processing Stats

File Path                               PID  Runtime      # DAGs    # Errors  Last Runtime    Last Run
------------------------------------  -----  ---------  --------  ----------  --------------  -------------------
/opt/airflow/dags/orchestator_dag.py     49  0.01s             0           1  4.24s           2025-04-06T10:54:28
================================================================================
[2025-04-06T10:55:28.579+0000] {manager.py:887} INFO - 
================================================================================
DAG File Processing Stats

File Path                             PID    Runtime      # DAGs    # Errors  Last Runtime    Last Run
------------------------------------  -----  ---------  --------  ----------  --------------  -------------------
/opt/airflow/dags/orchestator_dag.py                           0           1  2.42s           2025-04-06T10:55:00
================================================================================
[2025-04-06T10:55:59.260+0000] {manager.py:887} INFO - 
================================================================================
DAG File Processing Stats

File Path                             PID    Runtime      # DAGs    # Errors  Last Runtime    Last Run
------------------------------------  -----  ---------  --------  ----------  --------------  -------------------
/opt/airflow/dags/orchestator_dag.py                           0           1  1.19s           2025-04-06T10:55:32
================================================================================
[2025-04-06T10:56:29.914+0000] {manager.py:887} INFO - 
================================================================================
DAG File Processing Stats

File Path                             PID    Runtime      # DAGs    # Errors  Last Runtime    Last Run
------------------------------------  -----  ---------  --------  ----------  --------------  -------------------
/opt/airflow/dags/orchestator_dag.py                           0           1  1.19s           2025-04-06T10:56:03
================================================================================
[2025-04-06T10:57:00.420+0000] {manager.py:887} INFO - 
================================================================================
DAG File Processing Stats

File Path                             PID    Runtime      # DAGs    # Errors  Last Runtime    Last Run
------------------------------------  -----  ---------  --------  ----------  --------------  -------------------
/opt/airflow/dags/orchestator_dag.py                           0           1  1.38s           2025-04-06T10:56:35
================================================================================
[2025-04-06T10:57:31.383+0000] {manager.py:887} INFO - 
================================================================================
DAG File Processing Stats

File Path                             PID    Runtime      # DAGs    # Errors  Last Runtime    Last Run
------------------------------------  -----  ---------  --------  ----------  --------------  -------------------
/opt/airflow/dags/orchestator_dag.py                           0           1  2.51s           2025-04-06T10:57:04
================================================================================
[2025-04-06T10:58:01.693+0000] {manager.py:887} INFO - 
================================================================================
DAG File Processing Stats

File Path                             PID    Runtime      # DAGs    # Errors  Last Runtime    Last Run
------------------------------------  -----  ---------  --------  ----------  --------------  -------------------
/opt/airflow/dags/orchestator_dag.py                           0           1  1.34s           2025-04-06T10:57:36
================================================================================
[2025-04-06T10:58:32.458+0000] {manager.py:887} INFO - 
================================================================================
DAG File Processing Stats

File Path                             PID    Runtime      # DAGs    # Errors  Last Runtime    Last Run
------------------------------------  -----  ---------  --------  ----------  --------------  -------------------
/opt/airflow/dags/orchestator_dag.py                           0           1  2.32s           2025-04-06T10:58:25
================================================================================
[2025-04-06T10:59:02.882+0000] {manager.py:887} INFO - 
================================================================================
DAG File Processing Stats

File Path                             PID    Runtime      # DAGs    # Errors  Last Runtime    Last Run
------------------------------------  -----  ---------  --------  ----------  --------------  -------------------
/opt/airflow/dags/orchestator_dag.py                           0           1  3.01s           2025-04-06T10:58:41
================================================================================
[2025-04-06T10:59:25.476+0000] {manager.py:755} INFO - Searching for files in /opt/airflow/dags
[2025-04-06T10:59:25.506+0000] {manager.py:758} INFO - There are 1 files in /opt/airflow/dags
[2025-04-06T10:59:33.696+0000] {manager.py:887} INFO - 
================================================================================
DAG File Processing Stats

File Path                             PID    Runtime      # DAGs    # Errors  Last Runtime    Last Run
------------------------------------  -----  ---------  --------  ----------  --------------  -------------------
/opt/airflow/dags/orchestator_dag.py                           0           1  1.35s           2025-04-06T10:59:13
================================================================================
[2025-04-06T11:00:04.114+0000] {manager.py:887} INFO - 
================================================================================
DAG File Processing Stats

File Path                             PID    Runtime      # DAGs    # Errors  Last Runtime    Last Run
------------------------------------  -----  ---------  --------  ----------  --------------  -------------------
/opt/airflow/dags/orchestator_dag.py                           0           1  2.23s           2025-04-06T10:59:46
================================================================================
[2025-04-06T11:00:34.442+0000] {manager.py:887} INFO - 
================================================================================
DAG File Processing Stats

File Path                             PID    Runtime      # DAGs    # Errors  Last Runtime    Last Run
------------------------------------  -----  ---------  --------  ----------  --------------  -------------------
/opt/airflow/dags/orchestator_dag.py                           0           1  1.40s           2025-04-06T11:00:17
================================================================================
[2025-04-06T11:01:04.698+0000] {manager.py:887} INFO - 
================================================================================
DAG File Processing Stats

File Path                             PID    Runtime      # DAGs    # Errors  Last Runtime    Last Run
------------------------------------  -----  ---------  --------  ----------  --------------  -------------------
/opt/airflow/dags/orchestator_dag.py                           0           1  1.49s           2025-04-06T11:00:49
================================================================================
[2025-04-06T11:01:35.074+0000] {manager.py:887} INFO - 
================================================================================
DAG File Processing Stats

File Path                             PID    Runtime      # DAGs    # Errors  Last Runtime    Last Run
------------------------------------  -----  ---------  --------  ----------  --------------  -------------------
/opt/airflow/dags/orchestator_dag.py                           0           1  1.47s           2025-04-06T11:01:21
================================================================================
[2025-04-06T11:02:05.419+0000] {manager.py:887} INFO - 
================================================================================
DAG File Processing Stats

File Path                             PID    Runtime      # DAGs    # Errors  Last Runtime    Last Run
------------------------------------  -----  ---------  --------  ----------  --------------  -------------------
/opt/airflow/dags/orchestator_dag.py                           0           1  1.61s           2025-04-06T11:01:53
================================================================================
[2025-04-06T11:02:35.686+0000] {manager.py:887} INFO - 
================================================================================
DAG File Processing Stats

File Path                             PID    Runtime      # DAGs    # Errors  Last Runtime    Last Run
------------------------------------  -----  ---------  --------  ----------  --------------  -------------------
/opt/airflow/dags/orchestator_dag.py                           0           1  1.04s           2025-04-06T11:02:24
================================================================================
[2025-04-06T11:03:06.029+0000] {manager.py:887} INFO - 
================================================================================
DAG File Processing Stats

File Path                             PID    Runtime      # DAGs    # Errors  Last Runtime    Last Run
------------------------------------  -----  ---------  --------  ----------  --------------  -------------------
/opt/airflow/dags/orchestator_dag.py                           0           1  1.47s           2025-04-06T11:02:56
================================================================================
[2025-04-06T11:03:36.221+0000] {manager.py:887} INFO - 
================================================================================
DAG File Processing Stats

File Path                             PID    Runtime      # DAGs    # Errors  Last Runtime    Last Run
------------------------------------  -----  ---------  --------  ----------  --------------  -------------------
/opt/airflow/dags/orchestator_dag.py                           0           1  1.39s           2025-04-06T11:03:28
================================================================================
[2025-04-06T11:04:06.521+0000] {manager.py:887} INFO - 
================================================================================
DAG File Processing Stats

File Path                             PID    Runtime      # DAGs    # Errors  Last Runtime    Last Run
------------------------------------  -----  ---------  --------  ----------  --------------  -------------------
/opt/airflow/dags/orchestator_dag.py                           0           1  1.43s           2025-04-06T11:03:59
================================================================================
[2025-04-06T11:04:25.731+0000] {manager.py:755} INFO - Searching for files in /opt/airflow/dags
[2025-04-06T11:04:25.766+0000] {manager.py:758} INFO - There are 1 files in /opt/airflow/dags
[2025-04-06T11:04:36.901+0000] {manager.py:887} INFO - 
================================================================================
DAG File Processing Stats

File Path                             PID    Runtime      # DAGs    # Errors  Last Runtime    Last Run
------------------------------------  -----  ---------  --------  ----------  --------------  -------------------
/opt/airflow/dags/orchestator_dag.py                           0           1  1.59s           2025-04-06T11:04:31
================================================================================
[2025-04-06T11:05:07.091+0000] {manager.py:887} INFO - 
================================================================================
DAG File Processing Stats

File Path                             PID    Runtime      # DAGs    # Errors  Last Runtime    Last Run
------------------------------------  -----  ---------  --------  ----------  --------------  -------------------
/opt/airflow/dags/orchestator_dag.py                           0           1  1.81s           2025-04-06T11:05:04
================================================================================
[2025-04-06T11:05:37.397+0000] {manager.py:887} INFO - 
================================================================================
DAG File Processing Stats

File Path                             PID    Runtime      # DAGs    # Errors  Last Runtime    Last Run
------------------------------------  -----  ---------  --------  ----------  --------------  -------------------
/opt/airflow/dags/orchestator_dag.py                           0           1  1.37s           2025-04-06T11:05:35
================================================================================
[2025-04-06T11:06:07.521+0000] {manager.py:887} INFO - 
================================================================================
DAG File Processing Stats

File Path                             PID    Runtime      # DAGs    # Errors  Last Runtime    Last Run
------------------------------------  -----  ---------  --------  ----------  --------------  -------------------
/opt/airflow/dags/orchestator_dag.py                           0           1  1.36s           2025-04-06T11:06:07
================================================================================
[2025-04-06T11:06:38.197+0000] {manager.py:887} INFO - 
================================================================================
DAG File Processing Stats

File Path                               PID  Runtime      # DAGs    # Errors  Last Runtime    Last Run
------------------------------------  -----  ---------  --------  ----------  --------------  -------------------
/opt/airflow/dags/orchestator_dag.py     95  0.03s             0           1  1.36s           2025-04-06T11:06:07
================================================================================
[2025-04-06T11:06:41.309+0000] {manager.py:469} INFO - Exiting gracefully upon receiving signal 15
[2025-04-06T11:06:41.399+0000] {manager.py:469} INFO - Exiting gracefully upon receiving signal 15
[2025-04-06T11:06:42.587+0000] {manager.py:469} INFO - Exiting gracefully upon receiving signal 15
[2025-04-06T11:08:23.901+0000] {manager.py:487} INFO - Processing files using up to 2 processes at a time 
[2025-04-06T11:08:23.914+0000] {manager.py:488} INFO - Process each file at most once every 30 seconds
[2025-04-06T11:08:23.923+0000] {manager.py:489} INFO - Checking for new files in /opt/airflow/dags every 300 seconds
[2025-04-06T11:08:23.925+0000] {manager.py:755} INFO - Searching for files in /opt/airflow/dags
[2025-04-06T11:08:23.968+0000] {manager.py:758} INFO - There are 1 files in /opt/airflow/dags
[2025-04-06T11:08:24.621+0000] {manager.py:887} INFO - 
================================================================================
DAG File Processing Stats

File Path                               PID  Runtime      # DAGs    # Errors  Last Runtime    Last Run
------------------------------------  -----  ---------  --------  ----------  --------------  ----------
/opt/airflow/dags/orchestator_dag.py     29  0.29s             0           0
================================================================================
[2025-04-06T11:08:54.710+0000] {manager.py:887} INFO - 
================================================================================
DAG File Processing Stats

File Path                             PID    Runtime      # DAGs    # Errors  Last Runtime    Last Run
------------------------------------  -----  ---------  --------  ----------  --------------  -------------------
/opt/airflow/dags/orchestator_dag.py                           0           1  16.19s          2025-04-06T11:08:40
================================================================================
[2025-04-06T11:09:24.832+0000] {manager.py:887} INFO - 
================================================================================
DAG File Processing Stats

File Path                             PID    Runtime      # DAGs    # Errors  Last Runtime    Last Run
------------------------------------  -----  ---------  --------  ----------  --------------  -------------------
/opt/airflow/dags/orchestator_dag.py                           0           1  3.64s           2025-04-06T11:09:14
================================================================================
[2025-04-06T11:09:55.190+0000] {manager.py:887} INFO - 
================================================================================
DAG File Processing Stats

File Path                             PID    Runtime      # DAGs    # Errors  Last Runtime    Last Run
------------------------------------  -----  ---------  --------  ----------  --------------  -------------------
/opt/airflow/dags/orchestator_dag.py                           0           1  3.62s           2025-04-06T11:09:48
================================================================================
[2025-04-06T11:10:25.601+0000] {manager.py:887} INFO - 
================================================================================
DAG File Processing Stats

File Path                             PID    Runtime      # DAGs    # Errors  Last Runtime    Last Run
------------------------------------  -----  ---------  --------  ----------  --------------  -------------------
/opt/airflow/dags/orchestator_dag.py                           0           1  1.50s           2025-04-06T11:10:19
================================================================================
[2025-04-06T11:10:55.660+0000] {manager.py:887} INFO - 
================================================================================
DAG File Processing Stats

File Path                             PID    Runtime      # DAGs    # Errors  Last Runtime    Last Run
------------------------------------  -----  ---------  --------  ----------  --------------  -------------------
/opt/airflow/dags/orchestator_dag.py                           0           1  4.60s           2025-04-06T11:10:55
================================================================================
[2025-04-06T11:11:26.200+0000] {manager.py:887} INFO - 
================================================================================
DAG File Processing Stats

File Path                               PID  Runtime      # DAGs    # Errors  Last Runtime    Last Run
------------------------------------  -----  ---------  --------  ----------  --------------  -------------------
/opt/airflow/dags/orchestator_dag.py     39  1.03s             0           1  4.60s           2025-04-06T11:10:55
================================================================================
[2025-04-06T11:11:56.595+0000] {manager.py:887} INFO - 
================================================================================
DAG File Processing Stats

File Path                             PID    Runtime      # DAGs    # Errors  Last Runtime    Last Run
------------------------------------  -----  ---------  --------  ----------  --------------  -------------------
/opt/airflow/dags/orchestator_dag.py                           0           1  2.89s           2025-04-06T11:11:28
================================================================================
[2025-04-06T11:12:26.800+0000] {manager.py:887} INFO - 
================================================================================
DAG File Processing Stats

File Path                             PID    Runtime      # DAGs    # Errors  Last Runtime    Last Run
------------------------------------  -----  ---------  --------  ----------  --------------  -------------------
/opt/airflow/dags/orchestator_dag.py                           0           1  2.90s           2025-04-06T11:12:01
================================================================================
[2025-04-06T11:12:56.899+0000] {manager.py:887} INFO - 
================================================================================
DAG File Processing Stats

File Path                             PID    Runtime      # DAGs    # Errors  Last Runtime    Last Run
------------------------------------  -----  ---------  --------  ----------  --------------  -------------------
/opt/airflow/dags/orchestator_dag.py                           0           1  8.14s           2025-04-06T11:12:39
================================================================================
[2025-04-06T11:13:24.583+0000] {manager.py:755} INFO - Searching for files in /opt/airflow/dags
[2025-04-06T11:13:24.669+0000] {manager.py:758} INFO - There are 1 files in /opt/airflow/dags
[2025-04-06T11:13:27.877+0000] {manager.py:887} INFO - 
================================================================================
DAG File Processing Stats

File Path                             PID    Runtime      # DAGs    # Errors  Last Runtime    Last Run
------------------------------------  -----  ---------  --------  ----------  --------------  -------------------
/opt/airflow/dags/orchestator_dag.py                           0           1  1.93s           2025-04-06T11:13:11
================================================================================
[2025-04-06T11:17:44.732+0000] {manager.py:487} INFO - Processing files using up to 2 processes at a time 
[2025-04-06T11:17:44.751+0000] {manager.py:488} INFO - Process each file at most once every 30 seconds
[2025-04-06T11:17:44.753+0000] {manager.py:489} INFO - Checking for new files in /opt/airflow/dags every 300 seconds
[2025-04-06T11:17:44.762+0000] {manager.py:755} INFO - Searching for files in /opt/airflow/dags
[2025-04-06T11:17:44.844+0000] {manager.py:758} INFO - There are 1 files in /opt/airflow/dags
[2025-04-06T11:17:46.170+0000] {manager.py:887} INFO - 
================================================================================
DAG File Processing Stats

File Path                               PID  Runtime      # DAGs    # Errors  Last Runtime    Last Run
------------------------------------  -----  ---------  --------  ----------  --------------  ----------
/opt/airflow/dags/orchestator_dag.py     28  0.59s             0           0
================================================================================
[2025-04-06T11:18:17.158+0000] {manager.py:887} INFO - 
================================================================================
DAG File Processing Stats

File Path                             PID    Runtime      # DAGs    # Errors  Last Runtime    Last Run
------------------------------------  -----  ---------  --------  ----------  --------------  -------------------
/opt/airflow/dags/orchestator_dag.py                           0           1  15.79s          2025-04-06T11:18:01
================================================================================
[2025-04-06T11:18:47.801+0000] {manager.py:887} INFO - 
================================================================================
DAG File Processing Stats

File Path                             PID    Runtime      # DAGs    # Errors  Last Runtime    Last Run
------------------------------------  -----  ---------  --------  ----------  --------------  -------------------
/opt/airflow/dags/orchestator_dag.py                           0           1  7.17s           2025-04-06T11:18:38
================================================================================
[2025-04-06T11:19:18.580+0000] {manager.py:887} INFO - 
================================================================================
DAG File Processing Stats

File Path                             PID    Runtime      # DAGs    # Errors  Last Runtime    Last Run
------------------------------------  -----  ---------  --------  ----------  --------------  -------------------
/opt/airflow/dags/orchestator_dag.py                           0           1  4.11s           2025-04-06T11:19:13
================================================================================
[2025-04-06T11:19:49.086+0000] {manager.py:887} INFO - 
================================================================================
DAG File Processing Stats

File Path                             PID    Runtime      # DAGs    # Errors  Last Runtime    Last Run
------------------------------------  -----  ---------  --------  ----------  --------------  -------------------
/opt/airflow/dags/orchestator_dag.py                           0           1  1.99s           2025-04-06T11:19:46
================================================================================
[2025-04-06T11:20:19.597+0000] {manager.py:887} INFO - 
================================================================================
DAG File Processing Stats

File Path                               PID  Runtime      # DAGs    # Errors  Last Runtime    Last Run
------------------------------------  -----  ---------  --------  ----------  --------------  -------------------
/opt/airflow/dags/orchestator_dag.py     36  3.07s             0           1  1.99s           2025-04-06T11:19:46
================================================================================
[2025-04-06T11:20:50.359+0000] {manager.py:887} INFO - 
================================================================================
DAG File Processing Stats

File Path                               PID  Runtime      # DAGs    # Errors  Last Runtime    Last Run
------------------------------------  -----  ---------  --------  ----------  --------------  -------------------
/opt/airflow/dags/orchestator_dag.py     38  0.03s             0           1  3.47s           2025-04-06T11:20:19
================================================================================
[2025-04-06T11:21:20.895+0000] {manager.py:887} INFO - 
================================================================================
DAG File Processing Stats

File Path                             PID    Runtime      # DAGs    # Errors  Last Runtime    Last Run
------------------------------------  -----  ---------  --------  ----------  --------------  -------------------
/opt/airflow/dags/orchestator_dag.py                           0           1  3.61s           2025-04-06T11:20:53
================================================================================
[2025-04-06T11:21:51.617+0000] {manager.py:887} INFO - 
================================================================================
DAG File Processing Stats

File Path                             PID    Runtime      # DAGs    # Errors  Last Runtime    Last Run
------------------------------------  -----  ---------  --------  ----------  --------------  -------------------
/opt/airflow/dags/orchestator_dag.py                           0           1  2.07s           2025-04-06T11:21:26
================================================================================
[2025-04-06T11:22:21.875+0000] {manager.py:887} INFO - 
================================================================================
DAG File Processing Stats

File Path                             PID    Runtime      # DAGs    # Errors  Last Runtime    Last Run
------------------------------------  -----  ---------  --------  ----------  --------------  -------------------
/opt/airflow/dags/orchestator_dag.py                           0           1  1.45s           2025-04-06T11:21:58
================================================================================
[2025-04-06T11:22:45.031+0000] {manager.py:755} INFO - Searching for files in /opt/airflow/dags
[2025-04-06T11:22:45.047+0000] {manager.py:758} INFO - There are 1 files in /opt/airflow/dags
[2025-04-06T11:22:52.133+0000] {manager.py:887} INFO - 
================================================================================
DAG File Processing Stats

File Path                             PID    Runtime      # DAGs    # Errors  Last Runtime    Last Run
------------------------------------  -----  ---------  --------  ----------  --------------  -------------------
/opt/airflow/dags/orchestator_dag.py                           0           1  1.35s           2025-04-06T11:22:29
================================================================================
[2025-04-06T11:23:22.250+0000] {manager.py:887} INFO - 
================================================================================
DAG File Processing Stats

File Path                             PID    Runtime      # DAGs    # Errors  Last Runtime    Last Run
------------------------------------  -----  ---------  --------  ----------  --------------  -------------------
/opt/airflow/dags/orchestator_dag.py                           0           1  1.90s           2025-04-06T11:23:01
================================================================================
[2025-04-06T11:23:29.863+0000] {manager.py:1137} WARNING - Skipping processing of missing file: /opt/airflow/dags/orchestator_dag.py
[2025-04-06T11:25:31.690+0000] {manager.py:469} INFO - Exiting gracefully upon receiving signal 15
[2025-04-06T11:27:08.693+0000] {manager.py:487} INFO - Processing files using up to 2 processes at a time 
[2025-04-06T11:27:08.719+0000] {manager.py:488} INFO - Process each file at most once every 30 seconds
[2025-04-06T11:27:08.728+0000] {manager.py:489} INFO - Checking for new files in /opt/airflow/dags every 300 seconds
[2025-04-06T11:27:08.736+0000] {manager.py:755} INFO - Searching for files in /opt/airflow/dags
[2025-04-06T11:27:08.850+0000] {manager.py:758} INFO - There are 2 files in /opt/airflow/dags
[2025-04-06T11:27:09.585+0000] {manager.py:887} INFO - 
================================================================================
DAG File Processing Stats

File Path                       PID  Runtime      # DAGs    # Errors  Last Runtime    Last Run
----------------------------  -----  ---------  --------  ----------  --------------  ----------
/opt/airflow/dags/dag_gm.py      30  0.37s             0           0
/opt/airflow/dags/dag_bcn.py     29  0.42s             0           0
================================================================================
[2025-04-06T11:27:40.239+0000] {manager.py:887} INFO - 
================================================================================
DAG File Processing Stats

File Path                     PID    Runtime      # DAGs    # Errors  Last Runtime    Last Run
----------------------------  -----  ---------  --------  ----------  --------------  -------------------
/opt/airflow/dags/dag_gm.py                            1           0  19.62s          2025-04-06T11:27:28
/opt/airflow/dags/dag_bcn.py                           1           0  10.14s          2025-04-06T11:27:19
================================================================================
[2025-04-06T11:28:10.853+0000] {manager.py:887} INFO - 
================================================================================
DAG File Processing Stats

File Path                     PID    Runtime      # DAGs    # Errors  Last Runtime    Last Run
----------------------------  -----  ---------  --------  ----------  --------------  -------------------
/opt/airflow/dags/dag_gm.py                            1           0  4.94s           2025-04-06T11:28:04
/opt/airflow/dags/dag_bcn.py                           1           0  1.06s           2025-04-06T11:27:50
================================================================================
[2025-04-06T11:28:41.505+0000] {manager.py:887} INFO - 
================================================================================
DAG File Processing Stats

File Path                       PID  Runtime      # DAGs    # Errors  Last Runtime    Last Run
----------------------------  -----  ---------  --------  ----------  --------------  -------------------
/opt/airflow/dags/dag_gm.py      36  6.68s             1           0  4.94s           2025-04-06T11:28:04
/opt/airflow/dags/dag_bcn.py                           1           0  0.67s           2025-04-06T11:28:21
================================================================================
[2025-04-06T11:29:11.778+0000] {manager.py:887} INFO - 
================================================================================
DAG File Processing Stats

File Path                     PID    Runtime      # DAGs    # Errors  Last Runtime    Last Run
----------------------------  -----  ---------  --------  ----------  --------------  -------------------
/opt/airflow/dags/dag_gm.py                            1           0  7.76s           2025-04-06T11:28:42
/opt/airflow/dags/dag_bcn.py                           1           0  0.57s           2025-04-06T11:28:52
================================================================================
[2025-04-06T11:29:42.096+0000] {manager.py:887} INFO - 
================================================================================
DAG File Processing Stats

File Path                     PID    Runtime      # DAGs    # Errors  Last Runtime    Last Run
----------------------------  -----  ---------  --------  ----------  --------------  -------------------
/opt/airflow/dags/dag_gm.py                            1           0  2.68s           2025-04-06T11:29:15
/opt/airflow/dags/dag_bcn.py                           1           0  0.36s           2025-04-06T11:29:23
================================================================================
[2025-04-06T11:30:12.196+0000] {manager.py:887} INFO - 
================================================================================
DAG File Processing Stats

File Path                     PID    Runtime      # DAGs    # Errors  Last Runtime    Last Run
----------------------------  -----  ---------  --------  ----------  --------------  -------------------
/opt/airflow/dags/dag_gm.py                            1           0  1.36s           2025-04-06T11:29:46
/opt/airflow/dags/dag_bcn.py                           1           0  2.02s           2025-04-06T11:29:55
================================================================================
[2025-04-06T11:30:42.616+0000] {manager.py:887} INFO - 
================================================================================
DAG File Processing Stats

File Path                     PID    Runtime      # DAGs    # Errors  Last Runtime    Last Run
----------------------------  -----  ---------  --------  ----------  --------------  -------------------
/opt/airflow/dags/dag_gm.py                            1           0  3.02s           2025-04-06T11:30:20
/opt/airflow/dags/dag_bcn.py                           1           0  0.76s           2025-04-06T11:30:26
================================================================================
[2025-04-06T11:31:12.808+0000] {manager.py:887} INFO - 
================================================================================
DAG File Processing Stats

File Path                     PID    Runtime      # DAGs    # Errors  Last Runtime    Last Run
----------------------------  -----  ---------  --------  ----------  --------------  -------------------
/opt/airflow/dags/dag_gm.py                            1           0  2.50s           2025-04-06T11:30:53
/opt/airflow/dags/dag_bcn.py                           1           0  1.59s           2025-04-06T11:30:58
================================================================================
[2025-04-06T11:31:43.277+0000] {manager.py:887} INFO - 
================================================================================
DAG File Processing Stats

File Path                     PID    Runtime      # DAGs    # Errors  Last Runtime    Last Run
----------------------------  -----  ---------  --------  ----------  --------------  -------------------
/opt/airflow/dags/dag_gm.py                            1           0  4.23s           2025-04-06T11:31:19
/opt/airflow/dags/dag_bcn.py                           1           0  0.84s           2025-04-06T11:31:29
================================================================================
[2025-04-06T11:32:09.080+0000] {manager.py:755} INFO - Searching for files in /opt/airflow/dags
[2025-04-06T11:32:09.109+0000] {manager.py:758} INFO - There are 2 files in /opt/airflow/dags
[2025-04-06T11:32:13.307+0000] {manager.py:887} INFO - 
================================================================================
DAG File Processing Stats

File Path                     PID    Runtime      # DAGs    # Errors  Last Runtime    Last Run
----------------------------  -----  ---------  --------  ----------  --------------  -------------------
/opt/airflow/dags/dag_gm.py                            1           0  6.03s           2025-04-06T11:31:55
/opt/airflow/dags/dag_bcn.py                           1           0  0.41s           2025-04-06T11:32:00
================================================================================
[2025-04-06T11:32:43.689+0000] {manager.py:887} INFO - 
================================================================================
DAG File Processing Stats

File Path                     PID    Runtime      # DAGs    # Errors  Last Runtime    Last Run
----------------------------  -----  ---------  --------  ----------  --------------  -------------------
/opt/airflow/dags/dag_gm.py                            1           0  1.76s           2025-04-06T11:32:27
/opt/airflow/dags/dag_bcn.py                           1           0  0.43s           2025-04-06T11:32:30
================================================================================
[2025-04-06T11:33:13.973+0000] {manager.py:887} INFO - 
================================================================================
DAG File Processing Stats

File Path                     PID    Runtime      # DAGs    # Errors  Last Runtime    Last Run
----------------------------  -----  ---------  --------  ----------  --------------  -------------------
/opt/airflow/dags/dag_gm.py                            1           0  1.46s           2025-04-06T11:32:59
/opt/airflow/dags/dag_bcn.py                           1           0  0.37s           2025-04-06T11:33:01
================================================================================
[2025-04-06T11:33:44.670+0000] {manager.py:887} INFO - 
================================================================================
DAG File Processing Stats

File Path                     PID    Runtime      # DAGs    # Errors  Last Runtime    Last Run
----------------------------  -----  ---------  --------  ----------  --------------  -------------------
/opt/airflow/dags/dag_gm.py                            1           0  2.83s           2025-04-06T11:33:25
/opt/airflow/dags/dag_bcn.py                           1           0  1.20s           2025-04-06T11:33:34
================================================================================
[2025-04-06T11:34:14.779+0000] {manager.py:887} INFO - 
================================================================================
DAG File Processing Stats

File Path                     PID    Runtime      # DAGs    # Errors  Last Runtime    Last Run
----------------------------  -----  ---------  --------  ----------  --------------  -------------------
/opt/airflow/dags/dag_gm.py                            1           0  1.47s           2025-04-06T11:33:57
/opt/airflow/dags/dag_bcn.py                           1           0  2.45s           2025-04-06T11:34:07
================================================================================
[2025-04-06T11:34:45.247+0000] {manager.py:887} INFO - 
================================================================================
DAG File Processing Stats

File Path                     PID    Runtime      # DAGs    # Errors  Last Runtime    Last Run
----------------------------  -----  ---------  --------  ----------  --------------  -------------------
/opt/airflow/dags/dag_gm.py                            1           0  1.83s           2025-04-06T11:34:29
/opt/airflow/dags/dag_bcn.py                           1           0  0.62s           2025-04-06T11:34:38
================================================================================
[2025-04-06T11:35:16.055+0000] {manager.py:887} INFO - 
================================================================================
DAG File Processing Stats

File Path                     PID    Runtime      # DAGs    # Errors  Last Runtime    Last Run
----------------------------  -----  ---------  --------  ----------  --------------  -------------------
/opt/airflow/dags/dag_gm.py                            1           0  3.76s           2025-04-06T11:35:03
/opt/airflow/dags/dag_bcn.py                           1           0  0.50s           2025-04-06T11:35:09
================================================================================
[2025-04-06T11:35:46.855+0000] {manager.py:887} INFO - 
================================================================================
DAG File Processing Stats

File Path                     PID    Runtime      # DAGs    # Errors  Last Runtime    Last Run
----------------------------  -----  ---------  --------  ----------  --------------  -------------------
/opt/airflow/dags/dag_gm.py                            1           0  1.51s           2025-04-06T11:35:35
/opt/airflow/dags/dag_bcn.py                           1           0  0.46s           2025-04-06T11:35:39
================================================================================
[2025-04-06T11:36:17.002+0000] {manager.py:887} INFO - 
================================================================================
DAG File Processing Stats

File Path                     PID    Runtime      # DAGs    # Errors  Last Runtime    Last Run
----------------------------  -----  ---------  --------  ----------  --------------  -------------------
/opt/airflow/dags/dag_gm.py                            1           0  1.62s           2025-04-06T11:36:07
/opt/airflow/dags/dag_bcn.py                           1           0  0.78s           2025-04-06T11:36:10
================================================================================
[2025-04-06T11:36:47.891+0000] {manager.py:887} INFO - 
================================================================================
DAG File Processing Stats

File Path                     PID    Runtime      # DAGs    # Errors  Last Runtime    Last Run
----------------------------  -----  ---------  --------  ----------  --------------  -------------------
/opt/airflow/dags/dag_gm.py                            1           0  1.67s           2025-04-06T11:36:39
/opt/airflow/dags/dag_bcn.py                           1           0  0.43s           2025-04-06T11:36:41
================================================================================
[2025-04-06T11:37:09.114+0000] {manager.py:755} INFO - Searching for files in /opt/airflow/dags
[2025-04-06T11:37:09.137+0000] {manager.py:758} INFO - There are 3 files in /opt/airflow/dags
[2025-04-06T11:37:17.903+0000] {manager.py:887} INFO - 
================================================================================
DAG File Processing Stats

File Path                          PID    Runtime      # DAGs    # Errors  Last Runtime    Last Run
---------------------------------  -----  ---------  --------  ----------  --------------  -------------------
/opt/airflow/dags/dag_forvenue.py                           0           1  0.13s           2025-04-06T11:37:09
/opt/airflow/dags/dag_gm.py                                 1           0  1.64s           2025-04-06T11:37:11
/opt/airflow/dags/dag_bcn.py                                1           0  0.93s           2025-04-06T11:37:12
================================================================================
[2025-04-06T11:37:48.620+0000] {manager.py:887} INFO - 
================================================================================
DAG File Processing Stats

File Path                          PID    Runtime      # DAGs    # Errors  Last Runtime    Last Run
---------------------------------  -----  ---------  --------  ----------  --------------  -------------------
/opt/airflow/dags/dag_forvenue.py                           0           1  0.15s           2025-04-06T11:37:39
/opt/airflow/dags/dag_gm.py                                 1           0  4.77s           2025-04-06T11:37:46
/opt/airflow/dags/dag_bcn.py                                1           0  3.61s           2025-04-06T11:37:46
================================================================================
[2025-04-06T11:38:18.908+0000] {manager.py:887} INFO - 
================================================================================
DAG File Processing Stats

File Path                            PID  Runtime      # DAGs    # Errors  Last Runtime    Last Run
---------------------------------  -----  ---------  --------  ----------  --------------  -------------------
/opt/airflow/dags/dag_forvenue.py                           0           1  0.28s           2025-04-06T11:38:10
/opt/airflow/dags/dag_gm.py           95  1.78s             1           0  4.77s           2025-04-06T11:37:46
/opt/airflow/dags/dag_bcn.py                                1           0  1.78s           2025-04-06T11:38:18
================================================================================
[2025-04-06T11:38:49.172+0000] {manager.py:887} INFO - 
================================================================================
DAG File Processing Stats

File Path                            PID  Runtime      # DAGs    # Errors  Last Runtime    Last Run
---------------------------------  -----  ---------  --------  ----------  --------------  -------------------
/opt/airflow/dags/dag_forvenue.py                           0           1  0.31s           2025-04-06T11:38:40
/opt/airflow/dags/dag_gm.py                                 1           0  3.25s           2025-04-06T11:38:20
/opt/airflow/dags/dag_bcn.py          98  0.01s             1           0  1.78s           2025-04-06T11:38:18
================================================================================
[2025-04-06T11:39:19.587+0000] {manager.py:887} INFO - 
================================================================================
DAG File Processing Stats

File Path                          PID    Runtime      # DAGs    # Errors  Last Runtime    Last Run
---------------------------------  -----  ---------  --------  ----------  --------------  -------------------
/opt/airflow/dags/dag_forvenue.py                           0           1  0.31s           2025-04-06T11:39:11
/opt/airflow/dags/dag_gm.py                                 1           0  2.82s           2025-04-06T11:38:53
/opt/airflow/dags/dag_bcn.py                                1           0  0.63s           2025-04-06T11:38:49
================================================================================
[2025-04-06T11:39:49.978+0000] {manager.py:887} INFO - 
================================================================================
DAG File Processing Stats

File Path                          PID    Runtime      # DAGs    # Errors  Last Runtime    Last Run
---------------------------------  -----  ---------  --------  ----------  --------------  -------------------
/opt/airflow/dags/dag_forvenue.py                           0           1  0.09s           2025-04-06T11:39:41
/opt/airflow/dags/dag_gm.py                                 1           0  1.51s           2025-04-06T11:39:25
/opt/airflow/dags/dag_bcn.py                                1           0  0.81s           2025-04-06T11:39:20
================================================================================
[2025-04-06T11:40:20.074+0000] {manager.py:887} INFO - 
================================================================================
DAG File Processing Stats

File Path                          PID    Runtime      # DAGs    # Errors  Last Runtime    Last Run
---------------------------------  -----  ---------  --------  ----------  --------------  -------------------
/opt/airflow/dags/dag_forvenue.py                           0           1  0.16s           2025-04-06T11:40:12
/opt/airflow/dags/dag_gm.py                                 1           0  1.50s           2025-04-06T11:39:57
/opt/airflow/dags/dag_bcn.py                                1           0  0.88s           2025-04-06T11:39:51
================================================================================
[2025-04-06T11:40:50.923+0000] {manager.py:887} INFO - 
================================================================================
DAG File Processing Stats

File Path                          PID    Runtime      # DAGs    # Errors  Last Runtime    Last Run
---------------------------------  -----  ---------  --------  ----------  --------------  -------------------
/opt/airflow/dags/dag_forvenue.py                           0           1  0.13s           2025-04-06T11:40:43
/opt/airflow/dags/dag_gm.py                                 1           0  3.23s           2025-04-06T11:40:31
/opt/airflow/dags/dag_bcn.py                                1           0  1.33s           2025-04-06T11:40:23
================================================================================
[2025-04-06T11:41:21.027+0000] {manager.py:887} INFO - 
================================================================================
DAG File Processing Stats

File Path                          PID    Runtime      # DAGs    # Errors  Last Runtime    Last Run
---------------------------------  -----  ---------  --------  ----------  --------------  -------------------
/opt/airflow/dags/dag_forvenue.py                           0           1  0.31s           2025-04-06T11:41:15
/opt/airflow/dags/dag_gm.py                                 1           0  4.87s           2025-04-06T11:41:07
/opt/airflow/dags/dag_bcn.py                                1           0  1.15s           2025-04-06T11:40:55
================================================================================
[2025-04-06T11:41:51.379+0000] {manager.py:887} INFO - 
================================================================================
DAG File Processing Stats

File Path                          PID    Runtime      # DAGs    # Errors  Last Runtime    Last Run
---------------------------------  -----  ---------  --------  ----------  --------------  -------------------
/opt/airflow/dags/dag_forvenue.py                           0           1  0.19s           2025-04-06T11:41:27
/opt/airflow/dags/dag_gm.py                                 1           0  2.53s           2025-04-06T11:41:35
/opt/airflow/dags/dag_bcn.py                                1           0  1.89s           2025-04-06T11:41:30
================================================================================
[2025-04-06T11:41:59.704+0000] {manager.py:469} INFO - Exiting gracefully upon receiving signal 15
[2025-04-06T11:43:43.600+0000] {manager.py:487} INFO - Processing files using up to 2 processes at a time 
[2025-04-06T11:43:43.651+0000] {manager.py:488} INFO - Process each file at most once every 30 seconds
[2025-04-06T11:43:43.664+0000] {manager.py:489} INFO - Checking for new files in /opt/airflow/dags every 300 seconds
[2025-04-06T11:43:43.677+0000] {manager.py:755} INFO - Searching for files in /opt/airflow/dags
[2025-04-06T11:43:43.906+0000] {manager.py:758} INFO - There are 3 files in /opt/airflow/dags
[2025-04-06T11:43:44.964+0000] {manager.py:887} INFO - 
================================================================================
DAG File Processing Stats

File Path                            PID  Runtime      # DAGs    # Errors  Last Runtime    Last Run
---------------------------------  -----  ---------  --------  ----------  --------------  ----------
/opt/airflow/dags/dag_gm.py           28  0.59s             0           0
/opt/airflow/dags/dag_bcn.py          29  0.48s             0           0
/opt/airflow/dags/dag_forvenue.py                           0           0
================================================================================
[2025-04-06T11:44:15.174+0000] {manager.py:887} INFO - 
================================================================================
DAG File Processing Stats

File Path                          PID    Runtime      # DAGs    # Errors  Last Runtime    Last Run
---------------------------------  -----  ---------  --------  ----------  --------------  -------------------
/opt/airflow/dags/dag_forvenue.py                           0           1  1.26s           2025-04-06T11:43:52
/opt/airflow/dags/dag_gm.py                                 1           0  19.67s          2025-04-06T11:44:04
/opt/airflow/dags/dag_bcn.py                                1           0  7.19s           2025-04-06T11:43:51
================================================================================
[2025-04-06T11:44:45.300+0000] {manager.py:887} INFO - 
================================================================================
DAG File Processing Stats

File Path                          PID    Runtime      # DAGs    # Errors  Last Runtime    Last Run
---------------------------------  -----  ---------  --------  ----------  --------------  -------------------
/opt/airflow/dags/dag_forvenue.py                           0           1  1.28s           2025-04-06T11:44:24
/opt/airflow/dags/dag_gm.py                                 1           0  7.68s           2025-04-06T11:44:42
/opt/airflow/dags/dag_bcn.py                                1           0  3.27s           2025-04-06T11:44:25
================================================================================
[2025-04-06T11:45:15.412+0000] {manager.py:887} INFO - 
================================================================================
DAG File Processing Stats

File Path                          PID    Runtime      # DAGs    # Errors  Last Runtime    Last Run
---------------------------------  -----  ---------  --------  ----------  --------------  -------------------
/opt/airflow/dags/dag_forvenue.py                           0           1  0.30s           2025-04-06T11:44:55
/opt/airflow/dags/dag_gm.py                                 1           0  2.70s           2025-04-06T11:45:15
/opt/airflow/dags/dag_bcn.py                                1           0  1.97s           2025-04-06T11:44:57
================================================================================
[2025-04-06T11:45:46.079+0000] {manager.py:887} INFO - 
================================================================================
DAG File Processing Stats

File Path                            PID  Runtime      # DAGs    # Errors  Last Runtime    Last Run
---------------------------------  -----  ---------  --------  ----------  --------------  -------------------
/opt/airflow/dags/dag_forvenue.py                           0           1  0.38s           2025-04-06T11:45:25
/opt/airflow/dags/dag_gm.py           42  0.01s             1           0  2.70s           2025-04-06T11:45:15
/opt/airflow/dags/dag_bcn.py                                1           0  0.37s           2025-04-06T11:45:28
================================================================================
[2025-04-06T11:46:16.206+0000] {manager.py:887} INFO - 
================================================================================
DAG File Processing Stats

File Path                          PID    Runtime      # DAGs    # Errors  Last Runtime    Last Run
---------------------------------  -----  ---------  --------  ----------  --------------  -------------------
/opt/airflow/dags/dag_forvenue.py                           0           1  0.27s           2025-04-06T11:45:56
/opt/airflow/dags/dag_gm.py                                 1           0  2.70s           2025-04-06T11:45:48
/opt/airflow/dags/dag_bcn.py                                1           0  1.80s           2025-04-06T11:46:01
================================================================================
[2025-04-06T11:46:46.857+0000] {manager.py:887} INFO - 
================================================================================
DAG File Processing Stats

File Path                          PID    Runtime      # DAGs    # Errors  Last Runtime    Last Run
---------------------------------  -----  ---------  --------  ----------  --------------  -------------------
/opt/airflow/dags/dag_forvenue.py                           0           1  0.12s           2025-04-06T11:46:26
/opt/airflow/dags/dag_gm.py                                 1           0  1.73s           2025-04-06T11:46:20
/opt/airflow/dags/dag_bcn.py                                1           0  0.47s           2025-04-06T11:46:32
================================================================================
[2025-04-06T11:47:17.352+0000] {manager.py:887} INFO - 
================================================================================
DAG File Processing Stats

File Path                          PID    Runtime      # DAGs    # Errors  Last Runtime    Last Run
---------------------------------  -----  ---------  --------  ----------  --------------  -------------------
/opt/airflow/dags/dag_forvenue.py                           0           1  0.17s           2025-04-06T11:46:57
/opt/airflow/dags/dag_gm.py                                 1           0  1.80s           2025-04-06T11:46:53
/opt/airflow/dags/dag_bcn.py                                1           0  1.23s           2025-04-06T11:47:03
================================================================================
[2025-04-06T11:47:48.061+0000] {manager.py:887} INFO - 
================================================================================
DAG File Processing Stats

File Path                          PID    Runtime      # DAGs    # Errors  Last Runtime    Last Run
---------------------------------  -----  ---------  --------  ----------  --------------  -------------------
/opt/airflow/dags/dag_forvenue.py                           0           1  0.13s           2025-04-06T11:47:27
/opt/airflow/dags/dag_gm.py                                 1           0  1.15s           2025-04-06T11:47:24
/opt/airflow/dags/dag_bcn.py                                1           0  0.70s           2025-04-06T11:47:34
================================================================================
[2025-04-06T11:48:18.085+0000] {manager.py:887} INFO - 
================================================================================
DAG File Processing Stats

File Path                          PID    Runtime      # DAGs    # Errors  Last Runtime    Last Run
---------------------------------  -----  ---------  --------  ----------  --------------  -------------------
/opt/airflow/dags/dag_forvenue.py                           0           1  0.86s           2025-04-06T11:47:58
/opt/airflow/dags/dag_gm.py                                 1           0  3.03s           2025-04-06T11:47:57
/opt/airflow/dags/dag_bcn.py                                1           0  2.23s           2025-04-06T11:48:06
================================================================================
[2025-04-06T11:48:43.948+0000] {manager.py:755} INFO - Searching for files in /opt/airflow/dags
[2025-04-06T11:48:44.080+0000] {manager.py:758} INFO - There are 3 files in /opt/airflow/dags
[2025-04-06T11:48:46.853+0000] {manager.py:469} INFO - Exiting gracefully upon receiving signal 15
[2025-04-06T11:50:24.929+0000] {manager.py:487} INFO - Processing files using up to 2 processes at a time 
[2025-04-06T11:50:24.969+0000] {manager.py:488} INFO - Process each file at most once every 30 seconds
[2025-04-06T11:50:24.971+0000] {manager.py:489} INFO - Checking for new files in /opt/airflow/dags every 300 seconds
[2025-04-06T11:50:24.972+0000] {manager.py:755} INFO - Searching for files in /opt/airflow/dags
[2025-04-06T11:50:25.143+0000] {manager.py:758} INFO - There are 3 files in /opt/airflow/dags
[2025-04-06T11:50:25.684+0000] {manager.py:887} INFO - 
================================================================================
DAG File Processing Stats

File Path                            PID  Runtime      # DAGs    # Errors  Last Runtime    Last Run
---------------------------------  -----  ---------  --------  ----------  --------------  ----------
/opt/airflow/dags/dag_gm.py           29  0.25s             0           0
/opt/airflow/dags/dag_bcn.py                                0           0
/opt/airflow/dags/dag_forvenue.py     28  0.31s             0           0
================================================================================
[2025-04-06T11:50:55.862+0000] {manager.py:887} INFO - 
================================================================================
DAG File Processing Stats

File Path                            PID  Runtime      # DAGs    # Errors  Last Runtime    Last Run
---------------------------------  -----  ---------  --------  ----------  --------------  -------------------
/opt/airflow/dags/dag_forvenue.py     32  0.03s             0           1  0.42s           2025-04-06T11:50:25
/opt/airflow/dags/dag_gm.py                                 1           0  12.83s          2025-04-06T11:50:38
/opt/airflow/dags/dag_bcn.py                                1           0  6.84s           2025-04-06T11:50:32
================================================================================
[2025-04-06T11:51:26.259+0000] {manager.py:887} INFO - 
================================================================================
DAG File Processing Stats

File Path                            PID  Runtime      # DAGs    # Errors  Last Runtime    Last Run
---------------------------------  -----  ---------  --------  ----------  --------------  -------------------
/opt/airflow/dags/dag_forvenue.py     36  0.01s             0           1  0.20s           2025-04-06T11:50:56
/opt/airflow/dags/dag_gm.py                                 1           0  2.57s           2025-04-06T11:51:11
/opt/airflow/dags/dag_bcn.py                                1           0  2.50s           2025-04-06T11:51:05
================================================================================
[2025-04-06T11:51:56.485+0000] {manager.py:887} INFO - 
================================================================================
DAG File Processing Stats

File Path                          PID    Runtime      # DAGs    # Errors  Last Runtime    Last Run
---------------------------------  -----  ---------  --------  ----------  --------------  -------------------
/opt/airflow/dags/dag_forvenue.py                           0           1  0.27s           2025-04-06T11:51:26
/opt/airflow/dags/dag_gm.py                                 1           0  3.08s           2025-04-06T11:51:44
/opt/airflow/dags/dag_bcn.py                                1           0  0.64s           2025-04-06T11:51:36
================================================================================
[2025-04-06T11:52:26.808+0000] {manager.py:887} INFO - 
================================================================================
DAG File Processing Stats

File Path                          PID    Runtime      # DAGs    # Errors  Last Runtime    Last Run
---------------------------------  -----  ---------  --------  ----------  --------------  -------------------
/opt/airflow/dags/dag_forvenue.py                           0           1  0.18s           2025-04-06T11:51:57
/opt/airflow/dags/dag_gm.py                                 1           0  1.76s           2025-04-06T11:52:16
/opt/airflow/dags/dag_bcn.py                                1           0  0.53s           2025-04-06T11:52:07
================================================================================
[2025-04-06T11:52:57.385+0000] {manager.py:887} INFO - 
================================================================================
DAG File Processing Stats

File Path                          PID    Runtime      # DAGs    # Errors  Last Runtime    Last Run
---------------------------------  -----  ---------  --------  ----------  --------------  -------------------
/opt/airflow/dags/dag_forvenue.py                           0           1  0.20s           2025-04-06T11:52:28
/opt/airflow/dags/dag_gm.py                                 1           0  5.85s           2025-04-06T11:52:52
/opt/airflow/dags/dag_bcn.py                                1           0  0.56s           2025-04-06T11:52:37
================================================================================
[2025-04-06T11:53:27.393+0000] {manager.py:887} INFO - 
================================================================================
DAG File Processing Stats

File Path                            PID  Runtime      # DAGs    # Errors  Last Runtime    Last Run
---------------------------------  -----  ---------  --------  ----------  --------------  -------------------
/opt/airflow/dags/dag_forvenue.py                           0           1  0.15s           2025-04-06T11:52:58
/opt/airflow/dags/dag_gm.py           50  4.42s             1           0  5.85s           2025-04-06T11:52:52
/opt/airflow/dags/dag_bcn.py                                1           0  1.41s           2025-04-06T11:53:09
================================================================================
[2025-04-06T11:53:28.926+0000] {manager.py:469} INFO - Exiting gracefully upon receiving signal 15
[2025-04-06T11:53:28.927+0000] {manager.py:469} INFO - Exiting gracefully upon receiving signal 15
